============================= test session starts =============================
platform win32 -- Python 3.12.8, pytest-9.1.1, pluggy-1.6.0
rootdir: d:\Graduation Project\AI-COS-Pharmacy\backend
configfile: pytest.ini
plugins: anyio-4.14.2, asyncio-1.4.0
asyncio: mode=Mode.AUTO, debug=False, asyncio_default_fixture_loop_scope=session, asyncio_default_test_loop_scope=session
collected 35 items

tests\test_auth.py EEEEEE                                                [ 17%]
tests\test_customer.py EEE                                               [ 25%]
tests\test_events_chain.py EEE                                           [ 34%]
tests\test_security_regression.py EEEEEEEEEEEEEEEEEEEEE                  [ 94%]
tests\test_settings.py EE                                                [100%]

=================================== ERRORS ====================================
____________________ ERROR at setup of test_signup_success ____________________

self = <Coroutine test_signup_success>

    def setup(self) -> None:
        runner_fixture_id = f"_{self._loop_scope}_scoped_runner"
        if runner_fixture_id not in self.fixturenames:
            self.fixturenames.append(runner_fixture_id)
        # When loop factories are configured, resolve the loop factory
        # fixture early so that a factory variant change cascades cache
        # invalidation before any async fixture checks its cache.
        hook_caller = self.config.hook.pytest_asyncio_loop_factories
        if hook_caller.get_hookimpls():
            _ = self._request.getfixturevalue(_asyncio_loop_factory.__name__)
>       return super().setup()
               ^^^^^^^^^^^^^^^

..\..\venv\Lib\site-packages\pytest_asyncio\plugin.py:558: 
_ _ _ _ _ _ _ _ _ _ _ _ _ _ _ _ _ _ _ _ _ _ _ _ _ _ _ _ _ _ _ _ _ _ _ _ _ _ _ _
..\..\venv\Lib\site-packages\pytest_asyncio\plugin.py:944: in pytest_fixture_setup
    hook_result = yield
                  ^^^^^
..\..\venv\Lib\site-packages\pytest_asyncio\plugin.py:407: in _asyncgen_fixture_wrapper
    result = runner.run(setup(), context=context)
             ^^^^^^^^^^^^^^^^^^^^^^^^^^^^^^^^^^^^
C:\Users\zbook\AppData\Local\Programs\Python\Python312\Lib\asyncio\runners.py:118: in run
    return self._loop.run_until_complete(task)
           ^^^^^^^^^^^^^^^^^^^^^^^^^^^^^^^^^^^
C:\Users\zbook\AppData\Local\Programs\Python\Python312\Lib\asyncio\base_events.py:686: in run_until_complete
    return future.result()
           ^^^^^^^^^^^^^^^
..\..\venv\Lib\site-packages\pytest_asyncio\plugin.py:403: in setup
    res = await gen_obj.__anext__()
          ^^^^^^^^^^^^^^^^^^^^^^^^^
tests\conftest.py:33: in setup_test_db
    async with engine.begin() as conn:
               ^^^^^^^^^^^^^^
C:\Users\zbook\AppData\Local\Programs\Python\Python312\Lib\contextlib.py:210: in __aenter__
    return await anext(self.gen)
           ^^^^^^^^^^^^^^^^^^^^^
..\..\venv\Lib\site-packages\sqlalchemy\ext\asyncio\engine.py:1063: in begin
    async with conn:
               ^^^^
..\..\venv\Lib\site-packages\sqlalchemy\ext\asyncio\base.py:121: in __aenter__
    return await self.start(is_ctxmanager=True)
           ^^^^^^^^^^^^^^^^^^^^^^^^^^^^^^^^^^^^
..\..\venv\Lib\site-packages\sqlalchemy\ext\asyncio\engine.py:273: in start
    await greenlet_spawn(self.sync_engine.connect)
..\..\venv\Lib\site-packages\sqlalchemy\util\_concurrency_py3k.py:201: in greenlet_spawn
    result = context.throw(*sys.exc_info())
             ^^^^^^^^^^^^^^^^^^^^^^^^^^^^^^
..\..\venv\Lib\site-packages\sqlalchemy\engine\base.py:3278: in connect
    return self._connection_cls(self)
           ^^^^^^^^^^^^^^^^^^^^^^^^^^
..\..\venv\Lib\site-packages\sqlalchemy\engine\base.py:146: in __init__
    self._dbapi_connection = engine.raw_connection()
                             ^^^^^^^^^^^^^^^^^^^^^^^
..\..\venv\Lib\site-packages\sqlalchemy\engine\base.py:3302: in raw_connection
    return self.pool.connect()
           ^^^^^^^^^^^^^^^^^^^
..\..\venv\Lib\site-packages\sqlalchemy\pool\base.py:449: in connect
    return _ConnectionFairy._checkout(self)
           ^^^^^^^^^^^^^^^^^^^^^^^^^^^^^^^^
..\..\venv\Lib\site-packages\sqlalchemy\pool\base.py:1263: in _checkout
    fairy = _ConnectionRecord.checkout(pool)
            ^^^^^^^^^^^^^^^^^^^^^^^^^^^^^^^^
..\..\venv\Lib\site-packages\sqlalchemy\pool\base.py:712: in checkout
    rec = pool._do_get()
          ^^^^^^^^^^^^^^
..\..\venv\Lib\site-packages\sqlalchemy\pool\impl.py:179: in _do_get
    with util.safe_reraise():
         ^^^^^^^^^^^^^^^^^^^
..\..\venv\Lib\site-packages\sqlalchemy\util\langhelpers.py:146: in __exit__
    raise exc_value.with_traceback(exc_tb)
..\..\venv\Lib\site-packages\sqlalchemy\pool\impl.py:177: in _do_get
    return self._create_connection()
           ^^^^^^^^^^^^^^^^^^^^^^^^^
..\..\venv\Lib\site-packages\sqlalchemy\pool\base.py:390: in _create_connection
    return _ConnectionRecord(self)
           ^^^^^^^^^^^^^^^^^^^^^^^
..\..\venv\Lib\site-packages\sqlalchemy\pool\base.py:674: in __init__
    self.__connect()
..\..\venv\Lib\site-packages\sqlalchemy\pool\base.py:900: in __connect
    with util.safe_reraise():
         ^^^^^^^^^^^^^^^^^^^
..\..\venv\Lib\site-packages\sqlalchemy\util\langhelpers.py:146: in __exit__
    raise exc_value.with_traceback(exc_tb)
..\..\venv\Lib\site-packages\sqlalchemy\pool\base.py:896: in __connect
    self.dbapi_connection = connection = pool._invoke_creator(self)
                                         ^^^^^^^^^^^^^^^^^^^^^^^^^^
..\..\venv\Lib\site-packages\sqlalchemy\engine\create.py:643: in connect
    return dialect.connect(*cargs, **cparams)
           ^^^^^^^^^^^^^^^^^^^^^^^^^^^^^^^^^^
..\..\venv\Lib\site-packages\sqlalchemy\engine\default.py:621: in connect
    return self.loaded_dbapi.connect(*cargs, **cparams)
           ^^^^^^^^^^^^^^^^^^^^^^^^^^^^^^^^^^^^^^^^^^^^
..\..\venv\Lib\site-packages\sqlalchemy\dialects\postgresql\asyncpg.py:949: in connect
    await_only(creator_fn(*arg, **kw)),
    ^^^^^^^^^^^^^^^^^^^^^^^^^^^^^^^^^^
..\..\venv\Lib\site-packages\sqlalchemy\util\_concurrency_py3k.py:132: in await_only
    return current.parent.switch(awaitable)  # type: ignore[no-any-return,attr-defined] # noqa: E501
           ^^^^^^^^^^^^^^^^^^^^^^^^^^^^^^^^
..\..\venv\Lib\site-packages\sqlalchemy\util\_concurrency_py3k.py:196: in greenlet_spawn
    value = await result
            ^^^^^^^^^^^^
..\..\venv\Lib\site-packages\asyncpg\connection.py:2421: in connect
    return await connect_utils._connect(
..\..\venv\Lib\site-packages\asyncpg\connect_utils.py:1075: in _connect
    raise last_error or exceptions.TargetServerAttributeNotMatched(
..\..\venv\Lib\site-packages\asyncpg\connect_utils.py:1049: in _connect
    conn = await _connect_addr(
..\..\venv\Lib\site-packages\asyncpg\connect_utils.py:886: in _connect_addr
    return await __connect_addr(params, True, *args)
           ^^^^^^^^^^^^^^^^^^^^^^^^^^^^^^^^^^^^^^^^^
..\..\venv\Lib\site-packages\asyncpg\connect_utils.py:931: in __connect_addr
    tr, pr = await connector
             ^^^^^^^^^^^^^^^
..\..\venv\Lib\site-packages\asyncpg\connect_utils.py:802: in _create_ssl_connection
    tr, pr = await loop.create_connection(
C:\Users\zbook\AppData\Local\Programs\Python\Python312\Lib\asyncio\base_events.py:1132: in create_connection
    raise exceptions[0]
C:\Users\zbook\AppData\Local\Programs\Python\Python312\Lib\asyncio\base_events.py:1102: in create_connection
    sock = await self._connect_sock(
C:\Users\zbook\AppData\Local\Programs\Python\Python312\Lib\asyncio\base_events.py:1005: in _connect_sock
    await self.sock_connect(sock, address)
C:\Users\zbook\AppData\Local\Programs\Python\Python312\Lib\asyncio\proactor_events.py:729: in sock_connect
    return await self._proactor.connect(sock, address)
           ^^^^^^^^^^^^^^^^^^^^^^^^^^^^^^^^^^^^^^^^^^^
C:\Users\zbook\AppData\Local\Programs\Python\Python312\Lib\asyncio\windows_events.py:803: in _poll
    value = callback(transferred, key, ov)
            ^^^^^^^^^^^^^^^^^^^^^^^^^^^^^^
_ _ _ _ _ _ _ _ _ _ _ _ _ _ _ _ _ _ _ _ _ _ _ _ _ _ _ _ _ _ _ _ _ _ _ _ _ _ _ _

trans = 0, key = 0, ov = <_overlapped.Overlapped object at 0x000002DEEBBB0870>

    def finish_connect(trans, key, ov):
>       ov.getresult()
E       ConnectionRefusedError: [WinError 1225] The remote computer refused the network connection

C:\Users\zbook\AppData\Local\Programs\Python\Python312\Lib\asyncio\windows_events.py:599: ConnectionRefusedError
________________ ERROR at setup of test_signup_duplicate_email ________________

self = <Coroutine test_signup_duplicate_email>

    def setup(self) -> None:
        runner_fixture_id = f"_{self._loop_scope}_scoped_runner"
        if runner_fixture_id not in self.fixturenames:
            self.fixturenames.append(runner_fixture_id)
        # When loop factories are configured, resolve the loop factory
        # fixture early so that a factory variant change cascades cache
        # invalidation before any async fixture checks its cache.
        hook_caller = self.config.hook.pytest_asyncio_loop_factories
        if hook_caller.get_hookimpls():
            _ = self._request.getfixturevalue(_asyncio_loop_factory.__name__)
>       return super().setup()
               ^^^^^^^^^^^^^^^

..\..\venv\Lib\site-packages\pytest_asyncio\plugin.py:558: 
_ _ _ _ _ _ _ _ _ _ _ _ _ _ _ _ _ _ _ _ _ _ _ _ _ _ _ _ _ _ _ _ _ _ _ _ _ _ _ _
..\..\venv\Lib\site-packages\pytest_asyncio\plugin.py:407: in _asyncgen_fixture_wrapper
    result = runner.run(setup(), context=context)
             ^^^^^^^^^^^^^^^^^^^^^^^^^^^^^^^^^^^^
C:\Users\zbook\AppData\Local\Programs\Python\Python312\Lib\asyncio\runners.py:118: in run
    return self._loop.run_until_complete(task)
           ^^^^^^^^^^^^^^^^^^^^^^^^^^^^^^^^^^^
C:\Users\zbook\AppData\Local\Programs\Python\Python312\Lib\asyncio\base_events.py:686: in run_until_complete
    return future.result()
           ^^^^^^^^^^^^^^^
..\..\venv\Lib\site-packages\pytest_asyncio\plugin.py:403: in setup
    res = await gen_obj.__anext__()
          ^^^^^^^^^^^^^^^^^^^^^^^^^
tests\conftest.py:33: in setup_test_db
    async with engine.begin() as conn:
               ^^^^^^^^^^^^^^
C:\Users\zbook\AppData\Local\Programs\Python\Python312\Lib\contextlib.py:210: in __aenter__
    return await anext(self.gen)
           ^^^^^^^^^^^^^^^^^^^^^
..\..\venv\Lib\site-packages\sqlalchemy\ext\asyncio\engine.py:1063: in begin
    async with conn:
               ^^^^
..\..\venv\Lib\site-packages\sqlalchemy\ext\asyncio\base.py:121: in __aenter__
    return await self.start(is_ctxmanager=True)
           ^^^^^^^^^^^^^^^^^^^^^^^^^^^^^^^^^^^^
..\..\venv\Lib\site-packages\sqlalchemy\ext\asyncio\engine.py:273: in start
    await greenlet_spawn(self.sync_engine.connect)
..\..\venv\Lib\site-packages\sqlalchemy\util\_concurrency_py3k.py:201: in greenlet_spawn
    result = context.throw(*sys.exc_info())
             ^^^^^^^^^^^^^^^^^^^^^^^^^^^^^^
..\..\venv\Lib\site-packages\sqlalchemy\engine\base.py:3278: in connect
    return self._connection_cls(self)
           ^^^^^^^^^^^^^^^^^^^^^^^^^^
..\..\venv\Lib\site-packages\sqlalchemy\engine\base.py:146: in __init__
    self._dbapi_connection = engine.raw_connection()
                             ^^^^^^^^^^^^^^^^^^^^^^^
..\..\venv\Lib\site-packages\sqlalchemy\engine\base.py:3302: in raw_connection
    return self.pool.connect()
           ^^^^^^^^^^^^^^^^^^^
..\..\venv\Lib\site-packages\sqlalchemy\pool\base.py:449: in connect
    return _ConnectionFairy._checkout(self)
           ^^^^^^^^^^^^^^^^^^^^^^^^^^^^^^^^
..\..\venv\Lib\site-packages\sqlalchemy\pool\base.py:1263: in _checkout
    fairy = _ConnectionRecord.checkout(pool)
            ^^^^^^^^^^^^^^^^^^^^^^^^^^^^^^^^
..\..\venv\Lib\site-packages\sqlalchemy\pool\base.py:712: in checkout
    rec = pool._do_get()
          ^^^^^^^^^^^^^^
..\..\venv\Lib\site-packages\sqlalchemy\pool\impl.py:179: in _do_get
    with util.safe_reraise():
         ^^^^^^^^^^^^^^^^^^^
..\..\venv\Lib\site-packages\sqlalchemy\util\langhelpers.py:146: in __exit__
    raise exc_value.with_traceback(exc_tb)
..\..\venv\Lib\site-packages\sqlalchemy\pool\impl.py:177: in _do_get
    return self._create_connection()
           ^^^^^^^^^^^^^^^^^^^^^^^^^
..\..\venv\Lib\site-packages\sqlalchemy\pool\base.py:390: in _create_connection
    return _ConnectionRecord(self)
           ^^^^^^^^^^^^^^^^^^^^^^^
..\..\venv\Lib\site-packages\sqlalchemy\pool\base.py:674: in __init__
    self.__connect()
..\..\venv\Lib\site-packages\sqlalchemy\pool\base.py:900: in __connect
    with util.safe_reraise():
         ^^^^^^^^^^^^^^^^^^^
..\..\venv\Lib\site-packages\sqlalchemy\util\langhelpers.py:146: in __exit__
    raise exc_value.with_traceback(exc_tb)
..\..\venv\Lib\site-packages\sqlalchemy\pool\base.py:896: in __connect
    self.dbapi_connection = connection = pool._invoke_creator(self)
                                         ^^^^^^^^^^^^^^^^^^^^^^^^^^
..\..\venv\Lib\site-packages\sqlalchemy\engine\create.py:643: in connect
    return dialect.connect(*cargs, **cparams)
           ^^^^^^^^^^^^^^^^^^^^^^^^^^^^^^^^^^
..\..\venv\Lib\site-packages\sqlalchemy\engine\default.py:621: in connect
    return self.loaded_dbapi.connect(*cargs, **cparams)
           ^^^^^^^^^^^^^^^^^^^^^^^^^^^^^^^^^^^^^^^^^^^^
..\..\venv\Lib\site-packages\sqlalchemy\dialects\postgresql\asyncpg.py:949: in connect
    await_only(creator_fn(*arg, **kw)),
    ^^^^^^^^^^^^^^^^^^^^^^^^^^^^^^^^^^
..\..\venv\Lib\site-packages\sqlalchemy\util\_concurrency_py3k.py:132: in await_only
    return current.parent.switch(awaitable)  # type: ignore[no-any-return,attr-defined] # noqa: E501
           ^^^^^^^^^^^^^^^^^^^^^^^^^^^^^^^^
..\..\venv\Lib\site-packages\sqlalchemy\util\_concurrency_py3k.py:196: in greenlet_spawn
    value = await result
            ^^^^^^^^^^^^
..\..\venv\Lib\site-packages\asyncpg\connection.py:2421: in connect
    return await connect_utils._connect(
..\..\venv\Lib\site-packages\asyncpg\connect_utils.py:1075: in _connect
    raise last_error or exceptions.TargetServerAttributeNotMatched(
..\..\venv\Lib\site-packages\asyncpg\connect_utils.py:1049: in _connect
    conn = await _connect_addr(
..\..\venv\Lib\site-packages\asyncpg\connect_utils.py:886: in _connect_addr
    return await __connect_addr(params, True, *args)
           ^^^^^^^^^^^^^^^^^^^^^^^^^^^^^^^^^^^^^^^^^
..\..\venv\Lib\site-packages\asyncpg\connect_utils.py:931: in __connect_addr
    tr, pr = await connector
             ^^^^^^^^^^^^^^^
..\..\venv\Lib\site-packages\asyncpg\connect_utils.py:802: in _create_ssl_connection
    tr, pr = await loop.create_connection(
C:\Users\zbook\AppData\Local\Programs\Python\Python312\Lib\asyncio\base_events.py:1132: in create_connection
    raise exceptions[0]
C:\Users\zbook\AppData\Local\Programs\Python\Python312\Lib\asyncio\base_events.py:1102: in create_connection
    sock = await self._connect_sock(
C:\Users\zbook\AppData\Local\Programs\Python\Python312\Lib\asyncio\base_events.py:1005: in _connect_sock
    await self.sock_connect(sock, address)
C:\Users\zbook\AppData\Local\Programs\Python\Python312\Lib\asyncio\proactor_events.py:729: in sock_connect
    return await self._proactor.connect(sock, address)
           ^^^^^^^^^^^^^^^^^^^^^^^^^^^^^^^^^^^^^^^^^^^
C:\Users\zbook\AppData\Local\Programs\Python\Python312\Lib\asyncio\windows_events.py:803: in _poll
    value = callback(transferred, key, ov)
            ^^^^^^^^^^^^^^^^^^^^^^^^^^^^^^
_ _ _ _ _ _ _ _ _ _ _ _ _ _ _ _ _ _ _ _ _ _ _ _ _ _ _ _ _ _ _ _ _ _ _ _ _ _ _ _

trans = 0, key = 0, ov = <_overlapped.Overlapped object at 0x000002DEEBBB0870>

    def finish_connect(trans, key, ov):
>       ov.getresult()
E       ConnectionRefusedError: [WinError 1225] The remote computer refused the network connection

C:\Users\zbook\AppData\Local\Programs\Python\Python312\Lib\asyncio\windows_events.py:599: ConnectionRefusedError
____________________ ERROR at setup of test_login_success _____________________

self = <Coroutine test_login_success>

    def setup(self) -> None:
        runner_fixture_id = f"_{self._loop_scope}_scoped_runner"
        if runner_fixture_id not in self.fixturenames:
            self.fixturenames.append(runner_fixture_id)
        # When loop factories are configured, resolve the loop factory
        # fixture early so that a factory variant change cascades cache
        # invalidation before any async fixture checks its cache.
        hook_caller = self.config.hook.pytest_asyncio_loop_factories
        if hook_caller.get_hookimpls():
            _ = self._request.getfixturevalue(_asyncio_loop_factory.__name__)
>       return super().setup()
               ^^^^^^^^^^^^^^^

..\..\venv\Lib\site-packages\pytest_asyncio\plugin.py:558: 
_ _ _ _ _ _ _ _ _ _ _ _ _ _ _ _ _ _ _ _ _ _ _ _ _ _ _ _ _ _ _ _ _ _ _ _ _ _ _ _
..\..\venv\Lib\site-packages\pytest_asyncio\plugin.py:407: in _asyncgen_fixture_wrapper
    result = runner.run(setup(), context=context)
             ^^^^^^^^^^^^^^^^^^^^^^^^^^^^^^^^^^^^
C:\Users\zbook\AppData\Local\Programs\Python\Python312\Lib\asyncio\runners.py:118: in run
    return self._loop.run_until_complete(task)
           ^^^^^^^^^^^^^^^^^^^^^^^^^^^^^^^^^^^
C:\Users\zbook\AppData\Local\Programs\Python\Python312\Lib\asyncio\base_events.py:686: in run_until_complete
    return future.result()
           ^^^^^^^^^^^^^^^
..\..\venv\Lib\site-packages\pytest_asyncio\plugin.py:403: in setup
    res = await gen_obj.__anext__()
          ^^^^^^^^^^^^^^^^^^^^^^^^^
tests\conftest.py:33: in setup_test_db
    async with engine.begin() as conn:
               ^^^^^^^^^^^^^^
C:\Users\zbook\AppData\Local\Programs\Python\Python312\Lib\contextlib.py:210: in __aenter__
    return await anext(self.gen)
           ^^^^^^^^^^^^^^^^^^^^^
..\..\venv\Lib\site-packages\sqlalchemy\ext\asyncio\engine.py:1063: in begin
    async with conn:
               ^^^^
..\..\venv\Lib\site-packages\sqlalchemy\ext\asyncio\base.py:121: in __aenter__
    return await self.start(is_ctxmanager=True)
           ^^^^^^^^^^^^^^^^^^^^^^^^^^^^^^^^^^^^
..\..\venv\Lib\site-packages\sqlalchemy\ext\asyncio\engine.py:273: in start
    await greenlet_spawn(self.sync_engine.connect)
..\..\venv\Lib\site-packages\sqlalchemy\util\_concurrency_py3k.py:201: in greenlet_spawn
    result = context.throw(*sys.exc_info())
             ^^^^^^^^^^^^^^^^^^^^^^^^^^^^^^
..\..\venv\Lib\site-packages\sqlalchemy\engine\base.py:3278: in connect
    return self._connection_cls(self)
           ^^^^^^^^^^^^^^^^^^^^^^^^^^
..\..\venv\Lib\site-packages\sqlalchemy\engine\base.py:146: in __init__
    self._dbapi_connection = engine.raw_connection()
                             ^^^^^^^^^^^^^^^^^^^^^^^
..\..\venv\Lib\site-packages\sqlalchemy\engine\base.py:3302: in raw_connection
    return self.pool.connect()
           ^^^^^^^^^^^^^^^^^^^
..\..\venv\Lib\site-packages\sqlalchemy\pool\base.py:449: in connect
    return _ConnectionFairy._checkout(self)
           ^^^^^^^^^^^^^^^^^^^^^^^^^^^^^^^^
..\..\venv\Lib\site-packages\sqlalchemy\pool\base.py:1263: in _checkout
    fairy = _ConnectionRecord.checkout(pool)
            ^^^^^^^^^^^^^^^^^^^^^^^^^^^^^^^^
..\..\venv\Lib\site-packages\sqlalchemy\pool\base.py:712: in checkout
    rec = pool._do_get()
          ^^^^^^^^^^^^^^
..\..\venv\Lib\site-packages\sqlalchemy\pool\impl.py:179: in _do_get
    with util.safe_reraise():
         ^^^^^^^^^^^^^^^^^^^
..\..\venv\Lib\site-packages\sqlalchemy\util\langhelpers.py:146: in __exit__
    raise exc_value.with_traceback(exc_tb)
..\..\venv\Lib\site-packages\sqlalchemy\pool\impl.py:177: in _do_get
    return self._create_connection()
           ^^^^^^^^^^^^^^^^^^^^^^^^^
..\..\venv\Lib\site-packages\sqlalchemy\pool\base.py:390: in _create_connection
    return _ConnectionRecord(self)
           ^^^^^^^^^^^^^^^^^^^^^^^
..\..\venv\Lib\site-packages\sqlalchemy\pool\base.py:674: in __init__
    self.__connect()
..\..\venv\Lib\site-packages\sqlalchemy\pool\base.py:900: in __connect
    with util.safe_reraise():
         ^^^^^^^^^^^^^^^^^^^
..\..\venv\Lib\site-packages\sqlalchemy\util\langhelpers.py:146: in __exit__
    raise exc_value.with_traceback(exc_tb)
..\..\venv\Lib\site-packages\sqlalchemy\pool\base.py:896: in __connect
    self.dbapi_connection = connection = pool._invoke_creator(self)
                                         ^^^^^^^^^^^^^^^^^^^^^^^^^^
..\..\venv\Lib\site-packages\sqlalchemy\engine\create.py:643: in connect
    return dialect.connect(*cargs, **cparams)
           ^^^^^^^^^^^^^^^^^^^^^^^^^^^^^^^^^^
..\..\venv\Lib\site-packages\sqlalchemy\engine\default.py:621: in connect
    return self.loaded_dbapi.connect(*cargs, **cparams)
           ^^^^^^^^^^^^^^^^^^^^^^^^^^^^^^^^^^^^^^^^^^^^
..\..\venv\Lib\site-packages\sqlalchemy\dialects\postgresql\asyncpg.py:949: in connect
    await_only(creator_fn(*arg, **kw)),
    ^^^^^^^^^^^^^^^^^^^^^^^^^^^^^^^^^^
..\..\venv\Lib\site-packages\sqlalchemy\util\_concurrency_py3k.py:132: in await_only
    return current.parent.switch(awaitable)  # type: ignore[no-any-return,attr-defined] # noqa: E501
           ^^^^^^^^^^^^^^^^^^^^^^^^^^^^^^^^
..\..\venv\Lib\site-packages\sqlalchemy\util\_concurrency_py3k.py:196: in greenlet_spawn
    value = await result
            ^^^^^^^^^^^^
..\..\venv\Lib\site-packages\asyncpg\connection.py:2421: in connect
    return await connect_utils._connect(
..\..\venv\Lib\site-packages\asyncpg\connect_utils.py:1075: in _connect
    raise last_error or exceptions.TargetServerAttributeNotMatched(
..\..\venv\Lib\site-packages\asyncpg\connect_utils.py:1049: in _connect
    conn = await _connect_addr(
..\..\venv\Lib\site-packages\asyncpg\connect_utils.py:886: in _connect_addr
    return await __connect_addr(params, True, *args)
           ^^^^^^^^^^^^^^^^^^^^^^^^^^^^^^^^^^^^^^^^^
..\..\venv\Lib\site-packages\asyncpg\connect_utils.py:931: in __connect_addr
    tr, pr = await connector
             ^^^^^^^^^^^^^^^
..\..\venv\Lib\site-packages\asyncpg\connect_utils.py:802: in _create_ssl_connection
    tr, pr = await loop.create_connection(
C:\Users\zbook\AppData\Local\Programs\Python\Python312\Lib\asyncio\base_events.py:1132: in create_connection
    raise exceptions[0]
C:\Users\zbook\AppData\Local\Programs\Python\Python312\Lib\asyncio\base_events.py:1102: in create_connection
    sock = await self._connect_sock(
C:\Users\zbook\AppData\Local\Programs\Python\Python312\Lib\asyncio\base_events.py:1005: in _connect_sock
    await self.sock_connect(sock, address)
C:\Users\zbook\AppData\Local\Programs\Python\Python312\Lib\asyncio\proactor_events.py:729: in sock_connect
    return await self._proactor.connect(sock, address)
           ^^^^^^^^^^^^^^^^^^^^^^^^^^^^^^^^^^^^^^^^^^^
C:\Users\zbook\AppData\Local\Programs\Python\Python312\Lib\asyncio\windows_events.py:803: in _poll
    value = callback(transferred, key, ov)
            ^^^^^^^^^^^^^^^^^^^^^^^^^^^^^^
_ _ _ _ _ _ _ _ _ _ _ _ _ _ _ _ _ _ _ _ _ _ _ _ _ _ _ _ _ _ _ _ _ _ _ _ _ _ _ _

trans = 0, key = 0, ov = <_overlapped.Overlapped object at 0x000002DEEBBB0870>

    def finish_connect(trans, key, ov):
>       ov.getresult()
E       ConnectionRefusedError: [WinError 1225] The remote computer refused the network connection

C:\Users\zbook\AppData\Local\Programs\Python\Python312\Lib\asyncio\windows_events.py:599: ConnectionRefusedError
______________ ERROR at setup of test_login_invalid_credentials _______________

self = <Coroutine test_login_invalid_credentials>

    def setup(self) -> None:
        runner_fixture_id = f"_{self._loop_scope}_scoped_runner"
        if runner_fixture_id not in self.fixturenames:
            self.fixturenames.append(runner_fixture_id)
        # When loop factories are configured, resolve the loop factory
        # fixture early so that a factory variant change cascades cache
        # invalidation before any async fixture checks its cache.
        hook_caller = self.config.hook.pytest_asyncio_loop_factories
        if hook_caller.get_hookimpls():
            _ = self._request.getfixturevalue(_asyncio_loop_factory.__name__)
>       return super().setup()
               ^^^^^^^^^^^^^^^

..\..\venv\Lib\site-packages\pytest_asyncio\plugin.py:558: 
_ _ _ _ _ _ _ _ _ _ _ _ _ _ _ _ _ _ _ _ _ _ _ _ _ _ _ _ _ _ _ _ _ _ _ _ _ _ _ _
..\..\venv\Lib\site-packages\pytest_asyncio\plugin.py:407: in _asyncgen_fixture_wrapper
    result = runner.run(setup(), context=context)
             ^^^^^^^^^^^^^^^^^^^^^^^^^^^^^^^^^^^^
C:\Users\zbook\AppData\Local\Programs\Python\Python312\Lib\asyncio\runners.py:118: in run
    return self._loop.run_until_complete(task)
           ^^^^^^^^^^^^^^^^^^^^^^^^^^^^^^^^^^^
C:\Users\zbook\AppData\Local\Programs\Python\Python312\Lib\asyncio\base_events.py:686: in run_until_complete
    return future.result()
           ^^^^^^^^^^^^^^^
..\..\venv\Lib\site-packages\pytest_asyncio\plugin.py:403: in setup
    res = await gen_obj.__anext__()
          ^^^^^^^^^^^^^^^^^^^^^^^^^
tests\conftest.py:33: in setup_test_db
    async with engine.begin() as conn:
               ^^^^^^^^^^^^^^
C:\Users\zbook\AppData\Local\Programs\Python\Python312\Lib\contextlib.py:210: in __aenter__
    return await anext(self.gen)
           ^^^^^^^^^^^^^^^^^^^^^
..\..\venv\Lib\site-packages\sqlalchemy\ext\asyncio\engine.py:1063: in begin
    async with conn:
               ^^^^
..\..\venv\Lib\site-packages\sqlalchemy\ext\asyncio\base.py:121: in __aenter__
    return await self.start(is_ctxmanager=True)
           ^^^^^^^^^^^^^^^^^^^^^^^^^^^^^^^^^^^^
..\..\venv\Lib\site-packages\sqlalchemy\ext\asyncio\engine.py:273: in start
    await greenlet_spawn(self.sync_engine.connect)
..\..\venv\Lib\site-packages\sqlalchemy\util\_concurrency_py3k.py:201: in greenlet_spawn
    result = context.throw(*sys.exc_info())
             ^^^^^^^^^^^^^^^^^^^^^^^^^^^^^^
..\..\venv\Lib\site-packages\sqlalchemy\engine\base.py:3278: in connect
    return self._connection_cls(self)
           ^^^^^^^^^^^^^^^^^^^^^^^^^^
..\..\venv\Lib\site-packages\sqlalchemy\engine\base.py:146: in __init__
    self._dbapi_connection = engine.raw_connection()
                             ^^^^^^^^^^^^^^^^^^^^^^^
..\..\venv\Lib\site-packages\sqlalchemy\engine\base.py:3302: in raw_connection
    return self.pool.connect()
           ^^^^^^^^^^^^^^^^^^^
..\..\venv\Lib\site-packages\sqlalchemy\pool\base.py:449: in connect
    return _ConnectionFairy._checkout(self)
           ^^^^^^^^^^^^^^^^^^^^^^^^^^^^^^^^
..\..\venv\Lib\site-packages\sqlalchemy\pool\base.py:1263: in _checkout
    fairy = _ConnectionRecord.checkout(pool)
            ^^^^^^^^^^^^^^^^^^^^^^^^^^^^^^^^
..\..\venv\Lib\site-packages\sqlalchemy\pool\base.py:712: in checkout
    rec = pool._do_get()
          ^^^^^^^^^^^^^^
..\..\venv\Lib\site-packages\sqlalchemy\pool\impl.py:179: in _do_get
    with util.safe_reraise():
         ^^^^^^^^^^^^^^^^^^^
..\..\venv\Lib\site-packages\sqlalchemy\util\langhelpers.py:146: in __exit__
    raise exc_value.with_traceback(exc_tb)
..\..\venv\Lib\site-packages\sqlalchemy\pool\impl.py:177: in _do_get
    return self._create_connection()
           ^^^^^^^^^^^^^^^^^^^^^^^^^
..\..\venv\Lib\site-packages\sqlalchemy\pool\base.py:390: in _create_connection
    return _ConnectionRecord(self)
           ^^^^^^^^^^^^^^^^^^^^^^^
..\..\venv\Lib\site-packages\sqlalchemy\pool\base.py:674: in __init__
    self.__connect()
..\..\venv\Lib\site-packages\sqlalchemy\pool\base.py:900: in __connect
    with util.safe_reraise():
         ^^^^^^^^^^^^^^^^^^^
..\..\venv\Lib\site-packages\sqlalchemy\util\langhelpers.py:146: in __exit__
    raise exc_value.with_traceback(exc_tb)
..\..\venv\Lib\site-packages\sqlalchemy\pool\base.py:896: in __connect
    self.dbapi_connection = connection = pool._invoke_creator(self)
                                         ^^^^^^^^^^^^^^^^^^^^^^^^^^
..\..\venv\Lib\site-packages\sqlalchemy\engine\create.py:643: in connect
    return dialect.connect(*cargs, **cparams)
           ^^^^^^^^^^^^^^^^^^^^^^^^^^^^^^^^^^
..\..\venv\Lib\site-packages\sqlalchemy\engine\default.py:621: in connect
    return self.loaded_dbapi.connect(*cargs, **cparams)
           ^^^^^^^^^^^^^^^^^^^^^^^^^^^^^^^^^^^^^^^^^^^^
..\..\venv\Lib\site-packages\sqlalchemy\dialects\postgresql\asyncpg.py:949: in connect
    await_only(creator_fn(*arg, **kw)),
    ^^^^^^^^^^^^^^^^^^^^^^^^^^^^^^^^^^
..\..\venv\Lib\site-packages\sqlalchemy\util\_concurrency_py3k.py:132: in await_only
    return current.parent.switch(awaitable)  # type: ignore[no-any-return,attr-defined] # noqa: E501
           ^^^^^^^^^^^^^^^^^^^^^^^^^^^^^^^^
..\..\venv\Lib\site-packages\sqlalchemy\util\_concurrency_py3k.py:196: in greenlet_spawn
    value = await result
            ^^^^^^^^^^^^
..\..\venv\Lib\site-packages\asyncpg\connection.py:2421: in connect
    return await connect_utils._connect(
..\..\venv\Lib\site-packages\asyncpg\connect_utils.py:1075: in _connect
    raise last_error or exceptions.TargetServerAttributeNotMatched(
..\..\venv\Lib\site-packages\asyncpg\connect_utils.py:1049: in _connect
    conn = await _connect_addr(
..\..\venv\Lib\site-packages\asyncpg\connect_utils.py:886: in _connect_addr
    return await __connect_addr(params, True, *args)
           ^^^^^^^^^^^^^^^^^^^^^^^^^^^^^^^^^^^^^^^^^
..\..\venv\Lib\site-packages\asyncpg\connect_utils.py:931: in __connect_addr
    tr, pr = await connector
             ^^^^^^^^^^^^^^^
..\..\venv\Lib\site-packages\asyncpg\connect_utils.py:802: in _create_ssl_connection
    tr, pr = await loop.create_connection(
C:\Users\zbook\AppData\Local\Programs\Python\Python312\Lib\asyncio\base_events.py:1132: in create_connection
    raise exceptions[0]
C:\Users\zbook\AppData\Local\Programs\Python\Python312\Lib\asyncio\base_events.py:1102: in create_connection
    sock = await self._connect_sock(
C:\Users\zbook\AppData\Local\Programs\Python\Python312\Lib\asyncio\base_events.py:1005: in _connect_sock
    await self.sock_connect(sock, address)
C:\Users\zbook\AppData\Local\Programs\Python\Python312\Lib\asyncio\proactor_events.py:729: in sock_connect
    return await self._proactor.connect(sock, address)
           ^^^^^^^^^^^^^^^^^^^^^^^^^^^^^^^^^^^^^^^^^^^
C:\Users\zbook\AppData\Local\Programs\Python\Python312\Lib\asyncio\windows_events.py:803: in _poll
    value = callback(transferred, key, ov)
            ^^^^^^^^^^^^^^^^^^^^^^^^^^^^^^
_ _ _ _ _ _ _ _ _ _ _ _ _ _ _ _ _ _ _ _ _ _ _ _ _ _ _ _ _ _ _ _ _ _ _ _ _ _ _ _

trans = 0, key = 0, ov = <_overlapped.Overlapped object at 0x000002DEEBBB0870>

    def finish_connect(trans, key, ov):
>       ov.getresult()
E       ConnectionRefusedError: [WinError 1225] The remote computer refused the network connection

C:\Users\zbook\AppData\Local\Programs\Python\Python312\Lib\asyncio\windows_events.py:599: ConnectionRefusedError
_________________ ERROR at setup of test_get_me_unauthorized __________________

self = <Coroutine test_get_me_unauthorized>

    def setup(self) -> None:
        runner_fixture_id = f"_{self._loop_scope}_scoped_runner"
        if runner_fixture_id not in self.fixturenames:
            self.fixturenames.append(runner_fixture_id)
        # When loop factories are configured, resolve the loop factory
        # fixture early so that a factory variant change cascades cache
        # invalidation before any async fixture checks its cache.
        hook_caller = self.config.hook.pytest_asyncio_loop_factories
        if hook_caller.get_hookimpls():
            _ = self._request.getfixturevalue(_asyncio_loop_factory.__name__)
>       return super().setup()
               ^^^^^^^^^^^^^^^

..\..\venv\Lib\site-packages\pytest_asyncio\plugin.py:558: 
_ _ _ _ _ _ _ _ _ _ _ _ _ _ _ _ _ _ _ _ _ _ _ _ _ _ _ _ _ _ _ _ _ _ _ _ _ _ _ _
..\..\venv\Lib\site-packages\pytest_asyncio\plugin.py:407: in _asyncgen_fixture_wrapper
    result = runner.run(setup(), context=context)
             ^^^^^^^^^^^^^^^^^^^^^^^^^^^^^^^^^^^^
C:\Users\zbook\AppData\Local\Programs\Python\Python312\Lib\asyncio\runners.py:118: in run
    return self._loop.run_until_complete(task)
           ^^^^^^^^^^^^^^^^^^^^^^^^^^^^^^^^^^^
C:\Users\zbook\AppData\Local\Programs\Python\Python312\Lib\asyncio\base_events.py:686: in run_until_complete
    return future.result()
           ^^^^^^^^^^^^^^^
..\..\venv\Lib\site-packages\pytest_asyncio\plugin.py:403: in setup
    res = await gen_obj.__anext__()
          ^^^^^^^^^^^^^^^^^^^^^^^^^
tests\conftest.py:33: in setup_test_db
    async with engine.begin() as conn:
               ^^^^^^^^^^^^^^
C:\Users\zbook\AppData\Local\Programs\Python\Python312\Lib\contextlib.py:210: in __aenter__
    return await anext(self.gen)
           ^^^^^^^^^^^^^^^^^^^^^
..\..\venv\Lib\site-packages\sqlalchemy\ext\asyncio\engine.py:1063: in begin
    async with conn:
               ^^^^
..\..\venv\Lib\site-packages\sqlalchemy\ext\asyncio\base.py:121: in __aenter__
    return await self.start(is_ctxmanager=True)
           ^^^^^^^^^^^^^^^^^^^^^^^^^^^^^^^^^^^^
..\..\venv\Lib\site-packages\sqlalchemy\ext\asyncio\engine.py:273: in start
    await greenlet_spawn(self.sync_engine.connect)
..\..\venv\Lib\site-packages\sqlalchemy\util\_concurrency_py3k.py:201: in greenlet_spawn
    result = context.throw(*sys.exc_info())
             ^^^^^^^^^^^^^^^^^^^^^^^^^^^^^^
..\..\venv\Lib\site-packages\sqlalchemy\engine\base.py:3278: in connect
    return self._connection_cls(self)
           ^^^^^^^^^^^^^^^^^^^^^^^^^^
..\..\venv\Lib\site-packages\sqlalchemy\engine\base.py:146: in __init__
    self._dbapi_connection = engine.raw_connection()
                             ^^^^^^^^^^^^^^^^^^^^^^^
..\..\venv\Lib\site-packages\sqlalchemy\engine\base.py:3302: in raw_connection
    return self.pool.connect()
           ^^^^^^^^^^^^^^^^^^^
..\..\venv\Lib\site-packages\sqlalchemy\pool\base.py:449: in connect
    return _ConnectionFairy._checkout(self)
           ^^^^^^^^^^^^^^^^^^^^^^^^^^^^^^^^
..\..\venv\Lib\site-packages\sqlalchemy\pool\base.py:1263: in _checkout
    fairy = _ConnectionRecord.checkout(pool)
            ^^^^^^^^^^^^^^^^^^^^^^^^^^^^^^^^
..\..\venv\Lib\site-packages\sqlalchemy\pool\base.py:712: in checkout
    rec = pool._do_get()
          ^^^^^^^^^^^^^^
..\..\venv\Lib\site-packages\sqlalchemy\pool\impl.py:179: in _do_get
    with util.safe_reraise():
         ^^^^^^^^^^^^^^^^^^^
..\..\venv\Lib\site-packages\sqlalchemy\util\langhelpers.py:146: in __exit__
    raise exc_value.with_traceback(exc_tb)
..\..\venv\Lib\site-packages\sqlalchemy\pool\impl.py:177: in _do_get
    return self._create_connection()
           ^^^^^^^^^^^^^^^^^^^^^^^^^
..\..\venv\Lib\site-packages\sqlalchemy\pool\base.py:390: in _create_connection
    return _ConnectionRecord(self)
           ^^^^^^^^^^^^^^^^^^^^^^^
..\..\venv\Lib\site-packages\sqlalchemy\pool\base.py:674: in __init__
    self.__connect()
..\..\venv\Lib\site-packages\sqlalchemy\pool\base.py:900: in __connect
    with util.safe_reraise():
         ^^^^^^^^^^^^^^^^^^^
..\..\venv\Lib\site-packages\sqlalchemy\util\langhelpers.py:146: in __exit__
    raise exc_value.with_traceback(exc_tb)
..\..\venv\Lib\site-packages\sqlalchemy\pool\base.py:896: in __connect
    self.dbapi_connection = connection = pool._invoke_creator(self)
                                         ^^^^^^^^^^^^^^^^^^^^^^^^^^
..\..\venv\Lib\site-packages\sqlalchemy\engine\create.py:643: in connect
    return dialect.connect(*cargs, **cparams)
           ^^^^^^^^^^^^^^^^^^^^^^^^^^^^^^^^^^
..\..\venv\Lib\site-packages\sqlalchemy\engine\default.py:621: in connect
    return self.loaded_dbapi.connect(*cargs, **cparams)
           ^^^^^^^^^^^^^^^^^^^^^^^^^^^^^^^^^^^^^^^^^^^^
..\..\venv\Lib\site-packages\sqlalchemy\dialects\postgresql\asyncpg.py:949: in connect
    await_only(creator_fn(*arg, **kw)),
    ^^^^^^^^^^^^^^^^^^^^^^^^^^^^^^^^^^
..\..\venv\Lib\site-packages\sqlalchemy\util\_concurrency_py3k.py:132: in await_only
    return current.parent.switch(awaitable)  # type: ignore[no-any-return,attr-defined] # noqa: E501
           ^^^^^^^^^^^^^^^^^^^^^^^^^^^^^^^^
..\..\venv\Lib\site-packages\sqlalchemy\util\_concurrency_py3k.py:196: in greenlet_spawn
    value = await result
            ^^^^^^^^^^^^
..\..\venv\Lib\site-packages\asyncpg\connection.py:2421: in connect
    return await connect_utils._connect(
..\..\venv\Lib\site-packages\asyncpg\connect_utils.py:1075: in _connect
    raise last_error or exceptions.TargetServerAttributeNotMatched(
..\..\venv\Lib\site-packages\asyncpg\connect_utils.py:1049: in _connect
    conn = await _connect_addr(
..\..\venv\Lib\site-packages\asyncpg\connect_utils.py:886: in _connect_addr
    return await __connect_addr(params, True, *args)
           ^^^^^^^^^^^^^^^^^^^^^^^^^^^^^^^^^^^^^^^^^
..\..\venv\Lib\site-packages\asyncpg\connect_utils.py:931: in __connect_addr
    tr, pr = await connector
             ^^^^^^^^^^^^^^^
..\..\venv\Lib\site-packages\asyncpg\connect_utils.py:802: in _create_ssl_connection
    tr, pr = await loop.create_connection(
C:\Users\zbook\AppData\Local\Programs\Python\Python312\Lib\asyncio\base_events.py:1132: in create_connection
    raise exceptions[0]
C:\Users\zbook\AppData\Local\Programs\Python\Python312\Lib\asyncio\base_events.py:1102: in create_connection
    sock = await self._connect_sock(
C:\Users\zbook\AppData\Local\Programs\Python\Python312\Lib\asyncio\base_events.py:1005: in _connect_sock
    await self.sock_connect(sock, address)
C:\Users\zbook\AppData\Local\Programs\Python\Python312\Lib\asyncio\proactor_events.py:729: in sock_connect
    return await self._proactor.connect(sock, address)
           ^^^^^^^^^^^^^^^^^^^^^^^^^^^^^^^^^^^^^^^^^^^
C:\Users\zbook\AppData\Local\Programs\Python\Python312\Lib\asyncio\windows_events.py:803: in _poll
    value = callback(transferred, key, ov)
            ^^^^^^^^^^^^^^^^^^^^^^^^^^^^^^
_ _ _ _ _ _ _ _ _ _ _ _ _ _ _ _ _ _ _ _ _ _ _ _ _ _ _ _ _ _ _ _ _ _ _ _ _ _ _ _

trans = 0, key = 0, ov = <_overlapped.Overlapped object at 0x000002DEEBBB0870>

    def finish_connect(trans, key, ov):
>       ov.getresult()
E       ConnectionRefusedError: [WinError 1225] The remote computer refused the network connection

C:\Users\zbook\AppData\Local\Programs\Python\Python312\Lib\asyncio\windows_events.py:599: ConnectionRefusedError
__________________ ERROR at setup of test_get_me_authorized ___________________

self = <Coroutine test_get_me_authorized>

    def setup(self) -> None:
        runner_fixture_id = f"_{self._loop_scope}_scoped_runner"
        if runner_fixture_id not in self.fixturenames:
            self.fixturenames.append(runner_fixture_id)
        # When loop factories are configured, resolve the loop factory
        # fixture early so that a factory variant change cascades cache
        # invalidation before any async fixture checks its cache.
        hook_caller = self.config.hook.pytest_asyncio_loop_factories
        if hook_caller.get_hookimpls():
            _ = self._request.getfixturevalue(_asyncio_loop_factory.__name__)
>       return super().setup()
               ^^^^^^^^^^^^^^^

..\..\venv\Lib\site-packages\pytest_asyncio\plugin.py:558: 
_ _ _ _ _ _ _ _ _ _ _ _ _ _ _ _ _ _ _ _ _ _ _ _ _ _ _ _ _ _ _ _ _ _ _ _ _ _ _ _
..\..\venv\Lib\site-packages\pytest_asyncio\plugin.py:407: in _asyncgen_fixture_wrapper
    result = runner.run(setup(), context=context)
             ^^^^^^^^^^^^^^^^^^^^^^^^^^^^^^^^^^^^
C:\Users\zbook\AppData\Local\Programs\Python\Python312\Lib\asyncio\runners.py:118: in run
    return self._loop.run_until_complete(task)
           ^^^^^^^^^^^^^^^^^^^^^^^^^^^^^^^^^^^
C:\Users\zbook\AppData\Local\Programs\Python\Python312\Lib\asyncio\base_events.py:686: in run_until_complete
    return future.result()
           ^^^^^^^^^^^^^^^
..\..\venv\Lib\site-packages\pytest_asyncio\plugin.py:403: in setup
    res = await gen_obj.__anext__()
          ^^^^^^^^^^^^^^^^^^^^^^^^^
tests\conftest.py:33: in setup_test_db
    async with engine.begin() as conn:
               ^^^^^^^^^^^^^^
C:\Users\zbook\AppData\Local\Programs\Python\Python312\Lib\contextlib.py:210: in __aenter__
    return await anext(self.gen)
           ^^^^^^^^^^^^^^^^^^^^^
..\..\venv\Lib\site-packages\sqlalchemy\ext\asyncio\engine.py:1063: in begin
    async with conn:
               ^^^^
..\..\venv\Lib\site-packages\sqlalchemy\ext\asyncio\base.py:121: in __aenter__
    return await self.start(is_ctxmanager=True)
           ^^^^^^^^^^^^^^^^^^^^^^^^^^^^^^^^^^^^
..\..\venv\Lib\site-packages\sqlalchemy\ext\asyncio\engine.py:273: in start
    await greenlet_spawn(self.sync_engine.connect)
..\..\venv\Lib\site-packages\sqlalchemy\util\_concurrency_py3k.py:201: in greenlet_spawn
    result = context.throw(*sys.exc_info())
             ^^^^^^^^^^^^^^^^^^^^^^^^^^^^^^
..\..\venv\Lib\site-packages\sqlalchemy\engine\base.py:3278: in connect
    return self._connection_cls(self)
           ^^^^^^^^^^^^^^^^^^^^^^^^^^
..\..\venv\Lib\site-packages\sqlalchemy\engine\base.py:146: in __init__
    self._dbapi_connection = engine.raw_connection()
                             ^^^^^^^^^^^^^^^^^^^^^^^
..\..\venv\Lib\site-packages\sqlalchemy\engine\base.py:3302: in raw_connection
    return self.pool.connect()
           ^^^^^^^^^^^^^^^^^^^
..\..\venv\Lib\site-packages\sqlalchemy\pool\base.py:449: in connect
    return _ConnectionFairy._checkout(self)
           ^^^^^^^^^^^^^^^^^^^^^^^^^^^^^^^^
..\..\venv\Lib\site-packages\sqlalchemy\pool\base.py:1263: in _checkout
    fairy = _ConnectionRecord.checkout(pool)
            ^^^^^^^^^^^^^^^^^^^^^^^^^^^^^^^^
..\..\venv\Lib\site-packages\sqlalchemy\pool\base.py:712: in checkout
    rec = pool._do_get()
          ^^^^^^^^^^^^^^
..\..\venv\Lib\site-packages\sqlalchemy\pool\impl.py:179: in _do_get
    with util.safe_reraise():
         ^^^^^^^^^^^^^^^^^^^
..\..\venv\Lib\site-packages\sqlalchemy\util\langhelpers.py:146: in __exit__
    raise exc_value.with_traceback(exc_tb)
..\..\venv\Lib\site-packages\sqlalchemy\pool\impl.py:177: in _do_get
    return self._create_connection()
           ^^^^^^^^^^^^^^^^^^^^^^^^^
..\..\venv\Lib\site-packages\sqlalchemy\pool\base.py:390: in _create_connection
    return _ConnectionRecord(self)
           ^^^^^^^^^^^^^^^^^^^^^^^
..\..\venv\Lib\site-packages\sqlalchemy\pool\base.py:674: in __init__
    self.__connect()
..\..\venv\Lib\site-packages\sqlalchemy\pool\base.py:900: in __connect
    with util.safe_reraise():
         ^^^^^^^^^^^^^^^^^^^
..\..\venv\Lib\site-packages\sqlalchemy\util\langhelpers.py:146: in __exit__
    raise exc_value.with_traceback(exc_tb)
..\..\venv\Lib\site-packages\sqlalchemy\pool\base.py:896: in __connect
    self.dbapi_connection = connection = pool._invoke_creator(self)
                                         ^^^^^^^^^^^^^^^^^^^^^^^^^^
..\..\venv\Lib\site-packages\sqlalchemy\engine\create.py:643: in connect
    return dialect.connect(*cargs, **cparams)
           ^^^^^^^^^^^^^^^^^^^^^^^^^^^^^^^^^^
..\..\venv\Lib\site-packages\sqlalchemy\engine\default.py:621: in connect
    return self.loaded_dbapi.connect(*cargs, **cparams)
           ^^^^^^^^^^^^^^^^^^^^^^^^^^^^^^^^^^^^^^^^^^^^
..\..\venv\Lib\site-packages\sqlalchemy\dialects\postgresql\asyncpg.py:949: in connect
    await_only(creator_fn(*arg, **kw)),
    ^^^^^^^^^^^^^^^^^^^^^^^^^^^^^^^^^^
..\..\venv\Lib\site-packages\sqlalchemy\util\_concurrency_py3k.py:132: in await_only
    return current.parent.switch(awaitable)  # type: ignore[no-any-return,attr-defined] # noqa: E501
           ^^^^^^^^^^^^^^^^^^^^^^^^^^^^^^^^
..\..\venv\Lib\site-packages\sqlalchemy\util\_concurrency_py3k.py:196: in greenlet_spawn
    value = await result
            ^^^^^^^^^^^^
..\..\venv\Lib\site-packages\asyncpg\connection.py:2421: in connect
    return await connect_utils._connect(
..\..\venv\Lib\site-packages\asyncpg\connect_utils.py:1075: in _connect
    raise last_error or exceptions.TargetServerAttributeNotMatched(
..\..\venv\Lib\site-packages\asyncpg\connect_utils.py:1049: in _connect
    conn = await _connect_addr(
..\..\venv\Lib\site-packages\asyncpg\connect_utils.py:886: in _connect_addr
    return await __connect_addr(params, True, *args)
           ^^^^^^^^^^^^^^^^^^^^^^^^^^^^^^^^^^^^^^^^^
..\..\venv\Lib\site-packages\asyncpg\connect_utils.py:931: in __connect_addr
    tr, pr = await connector
             ^^^^^^^^^^^^^^^
..\..\venv\Lib\site-packages\asyncpg\connect_utils.py:802: in _create_ssl_connection
    tr, pr = await loop.create_connection(
C:\Users\zbook\AppData\Local\Programs\Python\Python312\Lib\asyncio\base_events.py:1132: in create_connection
    raise exceptions[0]
C:\Users\zbook\AppData\Local\Programs\Python\Python312\Lib\asyncio\base_events.py:1102: in create_connection
    sock = await self._connect_sock(
C:\Users\zbook\AppData\Local\Programs\Python\Python312\Lib\asyncio\base_events.py:1005: in _connect_sock
    await self.sock_connect(sock, address)
C:\Users\zbook\AppData\Local\Programs\Python\Python312\Lib\asyncio\proactor_events.py:729: in sock_connect
    return await self._proactor.connect(sock, address)
           ^^^^^^^^^^^^^^^^^^^^^^^^^^^^^^^^^^^^^^^^^^^
C:\Users\zbook\AppData\Local\Programs\Python\Python312\Lib\asyncio\windows_events.py:803: in _poll
    value = callback(transferred, key, ov)
            ^^^^^^^^^^^^^^^^^^^^^^^^^^^^^^
_ _ _ _ _ _ _ _ _ _ _ _ _ _ _ _ _ _ _ _ _ _ _ _ _ _ _ _ _ _ _ _ _ _ _ _ _ _ _ _

trans = 0, key = 0, ov = <_overlapped.Overlapped object at 0x000002DEEBBB0870>

    def finish_connect(trans, key, ov):
>       ov.getresult()
E       ConnectionRefusedError: [WinError 1225] The remote computer refused the network connection

C:\Users\zbook\AppData\Local\Programs\Python\Python312\Lib\asyncio\windows_events.py:599: ConnectionRefusedError
___________________ ERROR at setup of test_create_customer ____________________

self = <Coroutine test_create_customer>

    def setup(self) -> None:
        runner_fixture_id = f"_{self._loop_scope}_scoped_runner"
        if runner_fixture_id not in self.fixturenames:
            self.fixturenames.append(runner_fixture_id)
        # When loop factories are configured, resolve the loop factory
        # fixture early so that a factory variant change cascades cache
        # invalidation before any async fixture checks its cache.
        hook_caller = self.config.hook.pytest_asyncio_loop_factories
        if hook_caller.get_hookimpls():
            _ = self._request.getfixturevalue(_asyncio_loop_factory.__name__)
>       return super().setup()
               ^^^^^^^^^^^^^^^

..\..\venv\Lib\site-packages\pytest_asyncio\plugin.py:558: 
_ _ _ _ _ _ _ _ _ _ _ _ _ _ _ _ _ _ _ _ _ _ _ _ _ _ _ _ _ _ _ _ _ _ _ _ _ _ _ _
..\..\venv\Lib\site-packages\pytest_asyncio\plugin.py:407: in _asyncgen_fixture_wrapper
    result = runner.run(setup(), context=context)
             ^^^^^^^^^^^^^^^^^^^^^^^^^^^^^^^^^^^^
C:\Users\zbook\AppData\Local\Programs\Python\Python312\Lib\asyncio\runners.py:118: in run
    return self._loop.run_until_complete(task)
           ^^^^^^^^^^^^^^^^^^^^^^^^^^^^^^^^^^^
C:\Users\zbook\AppData\Local\Programs\Python\Python312\Lib\asyncio\base_events.py:686: in run_until_complete
    return future.result()
           ^^^^^^^^^^^^^^^
..\..\venv\Lib\site-packages\pytest_asyncio\plugin.py:403: in setup
    res = await gen_obj.__anext__()
          ^^^^^^^^^^^^^^^^^^^^^^^^^
tests\conftest.py:33: in setup_test_db
    async with engine.begin() as conn:
               ^^^^^^^^^^^^^^
C:\Users\zbook\AppData\Local\Programs\Python\Python312\Lib\contextlib.py:210: in __aenter__
    return await anext(self.gen)
           ^^^^^^^^^^^^^^^^^^^^^
..\..\venv\Lib\site-packages\sqlalchemy\ext\asyncio\engine.py:1063: in begin
    async with conn:
               ^^^^
..\..\venv\Lib\site-packages\sqlalchemy\ext\asyncio\base.py:121: in __aenter__
    return await self.start(is_ctxmanager=True)
           ^^^^^^^^^^^^^^^^^^^^^^^^^^^^^^^^^^^^
..\..\venv\Lib\site-packages\sqlalchemy\ext\asyncio\engine.py:273: in start
    await greenlet_spawn(self.sync_engine.connect)
..\..\venv\Lib\site-packages\sqlalchemy\util\_concurrency_py3k.py:201: in greenlet_spawn
    result = context.throw(*sys.exc_info())
             ^^^^^^^^^^^^^^^^^^^^^^^^^^^^^^
..\..\venv\Lib\site-packages\sqlalchemy\engine\base.py:3278: in connect
    return self._connection_cls(self)
           ^^^^^^^^^^^^^^^^^^^^^^^^^^
..\..\venv\Lib\site-packages\sqlalchemy\engine\base.py:146: in __init__
    self._dbapi_connection = engine.raw_connection()
                             ^^^^^^^^^^^^^^^^^^^^^^^
..\..\venv\Lib\site-packages\sqlalchemy\engine\base.py:3302: in raw_connection
    return self.pool.connect()
           ^^^^^^^^^^^^^^^^^^^
..\..\venv\Lib\site-packages\sqlalchemy\pool\base.py:449: in connect
    return _ConnectionFairy._checkout(self)
           ^^^^^^^^^^^^^^^^^^^^^^^^^^^^^^^^
..\..\venv\Lib\site-packages\sqlalchemy\pool\base.py:1263: in _checkout
    fairy = _ConnectionRecord.checkout(pool)
            ^^^^^^^^^^^^^^^^^^^^^^^^^^^^^^^^
..\..\venv\Lib\site-packages\sqlalchemy\pool\base.py:712: in checkout
    rec = pool._do_get()
          ^^^^^^^^^^^^^^
..\..\venv\Lib\site-packages\sqlalchemy\pool\impl.py:179: in _do_get
    with util.safe_reraise():
         ^^^^^^^^^^^^^^^^^^^
..\..\venv\Lib\site-packages\sqlalchemy\util\langhelpers.py:146: in __exit__
    raise exc_value.with_traceback(exc_tb)
..\..\venv\Lib\site-packages\sqlalchemy\pool\impl.py:177: in _do_get
    return self._create_connection()
           ^^^^^^^^^^^^^^^^^^^^^^^^^
..\..\venv\Lib\site-packages\sqlalchemy\pool\base.py:390: in _create_connection
    return _ConnectionRecord(self)
           ^^^^^^^^^^^^^^^^^^^^^^^
..\..\venv\Lib\site-packages\sqlalchemy\pool\base.py:674: in __init__
    self.__connect()
..\..\venv\Lib\site-packages\sqlalchemy\pool\base.py:900: in __connect
    with util.safe_reraise():
         ^^^^^^^^^^^^^^^^^^^
..\..\venv\Lib\site-packages\sqlalchemy\util\langhelpers.py:146: in __exit__
    raise exc_value.with_traceback(exc_tb)
..\..\venv\Lib\site-packages\sqlalchemy\pool\base.py:896: in __connect
    self.dbapi_connection = connection = pool._invoke_creator(self)
                                         ^^^^^^^^^^^^^^^^^^^^^^^^^^
..\..\venv\Lib\site-packages\sqlalchemy\engine\create.py:643: in connect
    return dialect.connect(*cargs, **cparams)
           ^^^^^^^^^^^^^^^^^^^^^^^^^^^^^^^^^^
..\..\venv\Lib\site-packages\sqlalchemy\engine\default.py:621: in connect
    return self.loaded_dbapi.connect(*cargs, **cparams)
           ^^^^^^^^^^^^^^^^^^^^^^^^^^^^^^^^^^^^^^^^^^^^
..\..\venv\Lib\site-packages\sqlalchemy\dialects\postgresql\asyncpg.py:949: in connect
    await_only(creator_fn(*arg, **kw)),
    ^^^^^^^^^^^^^^^^^^^^^^^^^^^^^^^^^^
..\..\venv\Lib\site-packages\sqlalchemy\util\_concurrency_py3k.py:132: in await_only
    return current.parent.switch(awaitable)  # type: ignore[no-any-return,attr-defined] # noqa: E501
           ^^^^^^^^^^^^^^^^^^^^^^^^^^^^^^^^
..\..\venv\Lib\site-packages\sqlalchemy\util\_concurrency_py3k.py:196: in greenlet_spawn
    value = await result
            ^^^^^^^^^^^^
..\..\venv\Lib\site-packages\asyncpg\connection.py:2421: in connect
    return await connect_utils._connect(
..\..\venv\Lib\site-packages\asyncpg\connect_utils.py:1075: in _connect
    raise last_error or exceptions.TargetServerAttributeNotMatched(
..\..\venv\Lib\site-packages\asyncpg\connect_utils.py:1049: in _connect
    conn = await _connect_addr(
..\..\venv\Lib\site-packages\asyncpg\connect_utils.py:886: in _connect_addr
    return await __connect_addr(params, True, *args)
           ^^^^^^^^^^^^^^^^^^^^^^^^^^^^^^^^^^^^^^^^^
..\..\venv\Lib\site-packages\asyncpg\connect_utils.py:931: in __connect_addr
    tr, pr = await connector
             ^^^^^^^^^^^^^^^
..\..\venv\Lib\site-packages\asyncpg\connect_utils.py:802: in _create_ssl_connection
    tr, pr = await loop.create_connection(
C:\Users\zbook\AppData\Local\Programs\Python\Python312\Lib\asyncio\base_events.py:1132: in create_connection
    raise exceptions[0]
C:\Users\zbook\AppData\Local\Programs\Python\Python312\Lib\asyncio\base_events.py:1102: in create_connection
    sock = await self._connect_sock(
C:\Users\zbook\AppData\Local\Programs\Python\Python312\Lib\asyncio\base_events.py:1005: in _connect_sock
    await self.sock_connect(sock, address)
C:\Users\zbook\AppData\Local\Programs\Python\Python312\Lib\asyncio\proactor_events.py:729: in sock_connect
    return await self._proactor.connect(sock, address)
           ^^^^^^^^^^^^^^^^^^^^^^^^^^^^^^^^^^^^^^^^^^^
C:\Users\zbook\AppData\Local\Programs\Python\Python312\Lib\asyncio\windows_events.py:803: in _poll
    value = callback(transferred, key, ov)
            ^^^^^^^^^^^^^^^^^^^^^^^^^^^^^^
_ _ _ _ _ _ _ _ _ _ _ _ _ _ _ _ _ _ _ _ _ _ _ _ _ _ _ _ _ _ _ _ _ _ _ _ _ _ _ _

trans = 0, key = 0, ov = <_overlapped.Overlapped object at 0x000002DEEBBB0870>

    def finish_connect(trans, key, ov):
>       ov.getresult()
E       ConnectionRefusedError: [WinError 1225] The remote computer refused the network connection

C:\Users\zbook\AppData\Local\Programs\Python\Python312\Lib\asyncio\windows_events.py:599: ConnectionRefusedError
____________________ ERROR at setup of test_list_customers ____________________

self = <Coroutine test_list_customers>

    def setup(self) -> None:
        runner_fixture_id = f"_{self._loop_scope}_scoped_runner"
        if runner_fixture_id not in self.fixturenames:
            self.fixturenames.append(runner_fixture_id)
        # When loop factories are configured, resolve the loop factory
        # fixture early so that a factory variant change cascades cache
        # invalidation before any async fixture checks its cache.
        hook_caller = self.config.hook.pytest_asyncio_loop_factories
        if hook_caller.get_hookimpls():
            _ = self._request.getfixturevalue(_asyncio_loop_factory.__name__)
>       return super().setup()
               ^^^^^^^^^^^^^^^

..\..\venv\Lib\site-packages\pytest_asyncio\plugin.py:558: 
_ _ _ _ _ _ _ _ _ _ _ _ _ _ _ _ _ _ _ _ _ _ _ _ _ _ _ _ _ _ _ _ _ _ _ _ _ _ _ _
..\..\venv\Lib\site-packages\pytest_asyncio\plugin.py:407: in _asyncgen_fixture_wrapper
    result = runner.run(setup(), context=context)
             ^^^^^^^^^^^^^^^^^^^^^^^^^^^^^^^^^^^^
C:\Users\zbook\AppData\Local\Programs\Python\Python312\Lib\asyncio\runners.py:118: in run
    return self._loop.run_until_complete(task)
           ^^^^^^^^^^^^^^^^^^^^^^^^^^^^^^^^^^^
C:\Users\zbook\AppData\Local\Programs\Python\Python312\Lib\asyncio\base_events.py:686: in run_until_complete
    return future.result()
           ^^^^^^^^^^^^^^^
..\..\venv\Lib\site-packages\pytest_asyncio\plugin.py:403: in setup
    res = await gen_obj.__anext__()
          ^^^^^^^^^^^^^^^^^^^^^^^^^
tests\conftest.py:33: in setup_test_db
    async with engine.begin() as conn:
               ^^^^^^^^^^^^^^
C:\Users\zbook\AppData\Local\Programs\Python\Python312\Lib\contextlib.py:210: in __aenter__
    return await anext(self.gen)
           ^^^^^^^^^^^^^^^^^^^^^
..\..\venv\Lib\site-packages\sqlalchemy\ext\asyncio\engine.py:1063: in begin
    async with conn:
               ^^^^
..\..\venv\Lib\site-packages\sqlalchemy\ext\asyncio\base.py:121: in __aenter__
    return await self.start(is_ctxmanager=True)
           ^^^^^^^^^^^^^^^^^^^^^^^^^^^^^^^^^^^^
..\..\venv\Lib\site-packages\sqlalchemy\ext\asyncio\engine.py:273: in start
    await greenlet_spawn(self.sync_engine.connect)
..\..\venv\Lib\site-packages\sqlalchemy\util\_concurrency_py3k.py:201: in greenlet_spawn
    result = context.throw(*sys.exc_info())
             ^^^^^^^^^^^^^^^^^^^^^^^^^^^^^^
..\..\venv\Lib\site-packages\sqlalchemy\engine\base.py:3278: in connect
    return self._connection_cls(self)
           ^^^^^^^^^^^^^^^^^^^^^^^^^^
..\..\venv\Lib\site-packages\sqlalchemy\engine\base.py:146: in __init__
    self._dbapi_connection = engine.raw_connection()
                             ^^^^^^^^^^^^^^^^^^^^^^^
..\..\venv\Lib\site-packages\sqlalchemy\engine\base.py:3302: in raw_connection
    return self.pool.connect()
           ^^^^^^^^^^^^^^^^^^^
..\..\venv\Lib\site-packages\sqlalchemy\pool\base.py:449: in connect
    return _ConnectionFairy._checkout(self)
           ^^^^^^^^^^^^^^^^^^^^^^^^^^^^^^^^
..\..\venv\Lib\site-packages\sqlalchemy\pool\base.py:1263: in _checkout
    fairy = _ConnectionRecord.checkout(pool)
            ^^^^^^^^^^^^^^^^^^^^^^^^^^^^^^^^
..\..\venv\Lib\site-packages\sqlalchemy\pool\base.py:712: in checkout
    rec = pool._do_get()
          ^^^^^^^^^^^^^^
..\..\venv\Lib\site-packages\sqlalchemy\pool\impl.py:179: in _do_get
    with util.safe_reraise():
         ^^^^^^^^^^^^^^^^^^^
..\..\venv\Lib\site-packages\sqlalchemy\util\langhelpers.py:146: in __exit__
    raise exc_value.with_traceback(exc_tb)
..\..\venv\Lib\site-packages\sqlalchemy\pool\impl.py:177: in _do_get
    return self._create_connection()
           ^^^^^^^^^^^^^^^^^^^^^^^^^
..\..\venv\Lib\site-packages\sqlalchemy\pool\base.py:390: in _create_connection
    return _ConnectionRecord(self)
           ^^^^^^^^^^^^^^^^^^^^^^^
..\..\venv\Lib\site-packages\sqlalchemy\pool\base.py:674: in __init__
    self.__connect()
..\..\venv\Lib\site-packages\sqlalchemy\pool\base.py:900: in __connect
    with util.safe_reraise():
         ^^^^^^^^^^^^^^^^^^^
..\..\venv\Lib\site-packages\sqlalchemy\util\langhelpers.py:146: in __exit__
    raise exc_value.with_traceback(exc_tb)
..\..\venv\Lib\site-packages\sqlalchemy\pool\base.py:896: in __connect
    self.dbapi_connection = connection = pool._invoke_creator(self)
                                         ^^^^^^^^^^^^^^^^^^^^^^^^^^
..\..\venv\Lib\site-packages\sqlalchemy\engine\create.py:643: in connect
    return dialect.connect(*cargs, **cparams)
           ^^^^^^^^^^^^^^^^^^^^^^^^^^^^^^^^^^
..\..\venv\Lib\site-packages\sqlalchemy\engine\default.py:621: in connect
    return self.loaded_dbapi.connect(*cargs, **cparams)
           ^^^^^^^^^^^^^^^^^^^^^^^^^^^^^^^^^^^^^^^^^^^^
..\..\venv\Lib\site-packages\sqlalchemy\dialects\postgresql\asyncpg.py:949: in connect
    await_only(creator_fn(*arg, **kw)),
    ^^^^^^^^^^^^^^^^^^^^^^^^^^^^^^^^^^
..\..\venv\Lib\site-packages\sqlalchemy\util\_concurrency_py3k.py:132: in await_only
    return current.parent.switch(awaitable)  # type: ignore[no-any-return,attr-defined] # noqa: E501
           ^^^^^^^^^^^^^^^^^^^^^^^^^^^^^^^^
..\..\venv\Lib\site-packages\sqlalchemy\util\_concurrency_py3k.py:196: in greenlet_spawn
    value = await result
            ^^^^^^^^^^^^
..\..\venv\Lib\site-packages\asyncpg\connection.py:2421: in connect
    return await connect_utils._connect(
..\..\venv\Lib\site-packages\asyncpg\connect_utils.py:1075: in _connect
    raise last_error or exceptions.TargetServerAttributeNotMatched(
..\..\venv\Lib\site-packages\asyncpg\connect_utils.py:1049: in _connect
    conn = await _connect_addr(
..\..\venv\Lib\site-packages\asyncpg\connect_utils.py:886: in _connect_addr
    return await __connect_addr(params, True, *args)
           ^^^^^^^^^^^^^^^^^^^^^^^^^^^^^^^^^^^^^^^^^
..\..\venv\Lib\site-packages\asyncpg\connect_utils.py:931: in __connect_addr
    tr, pr = await connector
             ^^^^^^^^^^^^^^^
..\..\venv\Lib\site-packages\asyncpg\connect_utils.py:802: in _create_ssl_connection
    tr, pr = await loop.create_connection(
C:\Users\zbook\AppData\Local\Programs\Python\Python312\Lib\asyncio\base_events.py:1132: in create_connection
    raise exceptions[0]
C:\Users\zbook\AppData\Local\Programs\Python\Python312\Lib\asyncio\base_events.py:1102: in create_connection
    sock = await self._connect_sock(
C:\Users\zbook\AppData\Local\Programs\Python\Python312\Lib\asyncio\base_events.py:1005: in _connect_sock
    await self.sock_connect(sock, address)
C:\Users\zbook\AppData\Local\Programs\Python\Python312\Lib\asyncio\proactor_events.py:729: in sock_connect
    return await self._proactor.connect(sock, address)
           ^^^^^^^^^^^^^^^^^^^^^^^^^^^^^^^^^^^^^^^^^^^
C:\Users\zbook\AppData\Local\Programs\Python\Python312\Lib\asyncio\windows_events.py:803: in _poll
    value = callback(transferred, key, ov)
            ^^^^^^^^^^^^^^^^^^^^^^^^^^^^^^
_ _ _ _ _ _ _ _ _ _ _ _ _ _ _ _ _ _ _ _ _ _ _ _ _ _ _ _ _ _ _ _ _ _ _ _ _ _ _ _

trans = 0, key = 0, ov = <_overlapped.Overlapped object at 0x000002DEEBBB0870>

    def finish_connect(trans, key, ov):
>       ov.getresult()
E       ConnectionRefusedError: [WinError 1225] The remote computer refused the network connection

C:\Users\zbook\AppData\Local\Programs\Python\Python312\Lib\asyncio\windows_events.py:599: ConnectionRefusedError
_____________________ ERROR at setup of test_get_customer _____________________

self = <Coroutine test_get_customer>

    def setup(self) -> None:
        runner_fixture_id = f"_{self._loop_scope}_scoped_runner"
        if runner_fixture_id not in self.fixturenames:
            self.fixturenames.append(runner_fixture_id)
        # When loop factories are configured, resolve the loop factory
        # fixture early so that a factory variant change cascades cache
        # invalidation before any async fixture checks its cache.
        hook_caller = self.config.hook.pytest_asyncio_loop_factories
        if hook_caller.get_hookimpls():
            _ = self._request.getfixturevalue(_asyncio_loop_factory.__name__)
>       return super().setup()
               ^^^^^^^^^^^^^^^

..\..\venv\Lib\site-packages\pytest_asyncio\plugin.py:558: 
_ _ _ _ _ _ _ _ _ _ _ _ _ _ _ _ _ _ _ _ _ _ _ _ _ _ _ _ _ _ _ _ _ _ _ _ _ _ _ _
..\..\venv\Lib\site-packages\pytest_asyncio\plugin.py:407: in _asyncgen_fixture_wrapper
    result = runner.run(setup(), context=context)
             ^^^^^^^^^^^^^^^^^^^^^^^^^^^^^^^^^^^^
C:\Users\zbook\AppData\Local\Programs\Python\Python312\Lib\asyncio\runners.py:118: in run
    return self._loop.run_until_complete(task)
           ^^^^^^^^^^^^^^^^^^^^^^^^^^^^^^^^^^^
C:\Users\zbook\AppData\Local\Programs\Python\Python312\Lib\asyncio\base_events.py:686: in run_until_complete
    return future.result()
           ^^^^^^^^^^^^^^^
..\..\venv\Lib\site-packages\pytest_asyncio\plugin.py:403: in setup
    res = await gen_obj.__anext__()
          ^^^^^^^^^^^^^^^^^^^^^^^^^
tests\conftest.py:33: in setup_test_db
    async with engine.begin() as conn:
               ^^^^^^^^^^^^^^
C:\Users\zbook\AppData\Local\Programs\Python\Python312\Lib\contextlib.py:210: in __aenter__
    return await anext(self.gen)
           ^^^^^^^^^^^^^^^^^^^^^
..\..\venv\Lib\site-packages\sqlalchemy\ext\asyncio\engine.py:1063: in begin
    async with conn:
               ^^^^
..\..\venv\Lib\site-packages\sqlalchemy\ext\asyncio\base.py:121: in __aenter__
    return await self.start(is_ctxmanager=True)
           ^^^^^^^^^^^^^^^^^^^^^^^^^^^^^^^^^^^^
..\..\venv\Lib\site-packages\sqlalchemy\ext\asyncio\engine.py:273: in start
    await greenlet_spawn(self.sync_engine.connect)
..\..\venv\Lib\site-packages\sqlalchemy\util\_concurrency_py3k.py:201: in greenlet_spawn
    result = context.throw(*sys.exc_info())
             ^^^^^^^^^^^^^^^^^^^^^^^^^^^^^^
..\..\venv\Lib\site-packages\sqlalchemy\engine\base.py:3278: in connect
    return self._connection_cls(self)
           ^^^^^^^^^^^^^^^^^^^^^^^^^^
..\..\venv\Lib\site-packages\sqlalchemy\engine\base.py:146: in __init__
    self._dbapi_connection = engine.raw_connection()
                             ^^^^^^^^^^^^^^^^^^^^^^^
..\..\venv\Lib\site-packages\sqlalchemy\engine\base.py:3302: in raw_connection
    return self.pool.connect()
           ^^^^^^^^^^^^^^^^^^^
..\..\venv\Lib\site-packages\sqlalchemy\pool\base.py:449: in connect
    return _ConnectionFairy._checkout(self)
           ^^^^^^^^^^^^^^^^^^^^^^^^^^^^^^^^
..\..\venv\Lib\site-packages\sqlalchemy\pool\base.py:1263: in _checkout
    fairy = _ConnectionRecord.checkout(pool)
            ^^^^^^^^^^^^^^^^^^^^^^^^^^^^^^^^
..\..\venv\Lib\site-packages\sqlalchemy\pool\base.py:712: in checkout
    rec = pool._do_get()
          ^^^^^^^^^^^^^^
..\..\venv\Lib\site-packages\sqlalchemy\pool\impl.py:179: in _do_get
    with util.safe_reraise():
         ^^^^^^^^^^^^^^^^^^^
..\..\venv\Lib\site-packages\sqlalchemy\util\langhelpers.py:146: in __exit__
    raise exc_value.with_traceback(exc_tb)
..\..\venv\Lib\site-packages\sqlalchemy\pool\impl.py:177: in _do_get
    return self._create_connection()
           ^^^^^^^^^^^^^^^^^^^^^^^^^
..\..\venv\Lib\site-packages\sqlalchemy\pool\base.py:390: in _create_connection
    return _ConnectionRecord(self)
           ^^^^^^^^^^^^^^^^^^^^^^^
..\..\venv\Lib\site-packages\sqlalchemy\pool\base.py:674: in __init__
    self.__connect()
..\..\venv\Lib\site-packages\sqlalchemy\pool\base.py:900: in __connect
    with util.safe_reraise():
         ^^^^^^^^^^^^^^^^^^^
..\..\venv\Lib\site-packages\sqlalchemy\util\langhelpers.py:146: in __exit__
    raise exc_value.with_traceback(exc_tb)
..\..\venv\Lib\site-packages\sqlalchemy\pool\base.py:896: in __connect
    self.dbapi_connection = connection = pool._invoke_creator(self)
                                         ^^^^^^^^^^^^^^^^^^^^^^^^^^
..\..\venv\Lib\site-packages\sqlalchemy\engine\create.py:643: in connect
    return dialect.connect(*cargs, **cparams)
           ^^^^^^^^^^^^^^^^^^^^^^^^^^^^^^^^^^
..\..\venv\Lib\site-packages\sqlalchemy\engine\default.py:621: in connect
    return self.loaded_dbapi.connect(*cargs, **cparams)
           ^^^^^^^^^^^^^^^^^^^^^^^^^^^^^^^^^^^^^^^^^^^^
..\..\venv\Lib\site-packages\sqlalchemy\dialects\postgresql\asyncpg.py:949: in connect
    await_only(creator_fn(*arg, **kw)),
    ^^^^^^^^^^^^^^^^^^^^^^^^^^^^^^^^^^
..\..\venv\Lib\site-packages\sqlalchemy\util\_concurrency_py3k.py:132: in await_only
    return current.parent.switch(awaitable)  # type: ignore[no-any-return,attr-defined] # noqa: E501
           ^^^^^^^^^^^^^^^^^^^^^^^^^^^^^^^^
..\..\venv\Lib\site-packages\sqlalchemy\util\_concurrency_py3k.py:196: in greenlet_spawn
    value = await result
            ^^^^^^^^^^^^
..\..\venv\Lib\site-packages\asyncpg\connection.py:2421: in connect
    return await connect_utils._connect(
..\..\venv\Lib\site-packages\asyncpg\connect_utils.py:1075: in _connect
    raise last_error or exceptions.TargetServerAttributeNotMatched(
..\..\venv\Lib\site-packages\asyncpg\connect_utils.py:1049: in _connect
    conn = await _connect_addr(
..\..\venv\Lib\site-packages\asyncpg\connect_utils.py:886: in _connect_addr
    return await __connect_addr(params, True, *args)
           ^^^^^^^^^^^^^^^^^^^^^^^^^^^^^^^^^^^^^^^^^
..\..\venv\Lib\site-packages\asyncpg\connect_utils.py:931: in __connect_addr
    tr, pr = await connector
             ^^^^^^^^^^^^^^^
..\..\venv\Lib\site-packages\asyncpg\connect_utils.py:802: in _create_ssl_connection
    tr, pr = await loop.create_connection(
C:\Users\zbook\AppData\Local\Programs\Python\Python312\Lib\asyncio\base_events.py:1132: in create_connection
    raise exceptions[0]
C:\Users\zbook\AppData\Local\Programs\Python\Python312\Lib\asyncio\base_events.py:1102: in create_connection
    sock = await self._connect_sock(
C:\Users\zbook\AppData\Local\Programs\Python\Python312\Lib\asyncio\base_events.py:1005: in _connect_sock
    await self.sock_connect(sock, address)
C:\Users\zbook\AppData\Local\Programs\Python\Python312\Lib\asyncio\proactor_events.py:729: in sock_connect
    return await self._proactor.connect(sock, address)
           ^^^^^^^^^^^^^^^^^^^^^^^^^^^^^^^^^^^^^^^^^^^
C:\Users\zbook\AppData\Local\Programs\Python\Python312\Lib\asyncio\windows_events.py:803: in _poll
    value = callback(transferred, key, ov)
            ^^^^^^^^^^^^^^^^^^^^^^^^^^^^^^
_ _ _ _ _ _ _ _ _ _ _ _ _ _ _ _ _ _ _ _ _ _ _ _ _ _ _ _ _ _ _ _ _ _ _ _ _ _ _ _

trans = 0, key = 0, ov = <_overlapped.Overlapped object at 0x000002DEEBBB0870>

    def finish_connect(trans, key, ov):
>       ov.getresult()
E       ConnectionRefusedError: [WinError 1225] The remote computer refused the network connection

C:\Users\zbook\AppData\Local\Programs\Python\Python312\Lib\asyncio\windows_events.py:599: ConnectionRefusedError
_______________ ERROR at setup of test_backfill_signs_null_rows _______________

self = <Coroutine test_backfill_signs_null_rows>

    def setup(self) -> None:
        runner_fixture_id = f"_{self._loop_scope}_scoped_runner"
        if runner_fixture_id not in self.fixturenames:
            self.fixturenames.append(runner_fixture_id)
        # When loop factories are configured, resolve the loop factory
        # fixture early so that a factory variant change cascades cache
        # invalidation before any async fixture checks its cache.
        hook_caller = self.config.hook.pytest_asyncio_loop_factories
        if hook_caller.get_hookimpls():
            _ = self._request.getfixturevalue(_asyncio_loop_factory.__name__)
>       return super().setup()
               ^^^^^^^^^^^^^^^

..\..\venv\Lib\site-packages\pytest_asyncio\plugin.py:558: 
_ _ _ _ _ _ _ _ _ _ _ _ _ _ _ _ _ _ _ _ _ _ _ _ _ _ _ _ _ _ _ _ _ _ _ _ _ _ _ _
..\..\venv\Lib\site-packages\pytest_asyncio\plugin.py:407: in _asyncgen_fixture_wrapper
    result = runner.run(setup(), context=context)
             ^^^^^^^^^^^^^^^^^^^^^^^^^^^^^^^^^^^^
C:\Users\zbook\AppData\Local\Programs\Python\Python312\Lib\asyncio\runners.py:118: in run
    return self._loop.run_until_complete(task)
           ^^^^^^^^^^^^^^^^^^^^^^^^^^^^^^^^^^^
C:\Users\zbook\AppData\Local\Programs\Python\Python312\Lib\asyncio\base_events.py:686: in run_until_complete
    return future.result()
           ^^^^^^^^^^^^^^^
..\..\venv\Lib\site-packages\pytest_asyncio\plugin.py:403: in setup
    res = await gen_obj.__anext__()
          ^^^^^^^^^^^^^^^^^^^^^^^^^
tests\conftest.py:33: in setup_test_db
    async with engine.begin() as conn:
               ^^^^^^^^^^^^^^
C:\Users\zbook\AppData\Local\Programs\Python\Python312\Lib\contextlib.py:210: in __aenter__
    return await anext(self.gen)
           ^^^^^^^^^^^^^^^^^^^^^
..\..\venv\Lib\site-packages\sqlalchemy\ext\asyncio\engine.py:1063: in begin
    async with conn:
               ^^^^
..\..\venv\Lib\site-packages\sqlalchemy\ext\asyncio\base.py:121: in __aenter__
    return await self.start(is_ctxmanager=True)
           ^^^^^^^^^^^^^^^^^^^^^^^^^^^^^^^^^^^^
..\..\venv\Lib\site-packages\sqlalchemy\ext\asyncio\engine.py:273: in start
    await greenlet_spawn(self.sync_engine.connect)
..\..\venv\Lib\site-packages\sqlalchemy\util\_concurrency_py3k.py:201: in greenlet_spawn
    result = context.throw(*sys.exc_info())
             ^^^^^^^^^^^^^^^^^^^^^^^^^^^^^^
..\..\venv\Lib\site-packages\sqlalchemy\engine\base.py:3278: in connect
    return self._connection_cls(self)
           ^^^^^^^^^^^^^^^^^^^^^^^^^^
..\..\venv\Lib\site-packages\sqlalchemy\engine\base.py:146: in __init__
    self._dbapi_connection = engine.raw_connection()
                             ^^^^^^^^^^^^^^^^^^^^^^^
..\..\venv\Lib\site-packages\sqlalchemy\engine\base.py:3302: in raw_connection
    return self.pool.connect()
           ^^^^^^^^^^^^^^^^^^^
..\..\venv\Lib\site-packages\sqlalchemy\pool\base.py:449: in connect
    return _ConnectionFairy._checkout(self)
           ^^^^^^^^^^^^^^^^^^^^^^^^^^^^^^^^
..\..\venv\Lib\site-packages\sqlalchemy\pool\base.py:1263: in _checkout
    fairy = _ConnectionRecord.checkout(pool)
            ^^^^^^^^^^^^^^^^^^^^^^^^^^^^^^^^
..\..\venv\Lib\site-packages\sqlalchemy\pool\base.py:712: in checkout
    rec = pool._do_get()
          ^^^^^^^^^^^^^^
..\..\venv\Lib\site-packages\sqlalchemy\pool\impl.py:179: in _do_get
    with util.safe_reraise():
         ^^^^^^^^^^^^^^^^^^^
..\..\venv\Lib\site-packages\sqlalchemy\util\langhelpers.py:146: in __exit__
    raise exc_value.with_traceback(exc_tb)
..\..\venv\Lib\site-packages\sqlalchemy\pool\impl.py:177: in _do_get
    return self._create_connection()
           ^^^^^^^^^^^^^^^^^^^^^^^^^
..\..\venv\Lib\site-packages\sqlalchemy\pool\base.py:390: in _create_connection
    return _ConnectionRecord(self)
           ^^^^^^^^^^^^^^^^^^^^^^^
..\..\venv\Lib\site-packages\sqlalchemy\pool\base.py:674: in __init__
    self.__connect()
..\..\venv\Lib\site-packages\sqlalchemy\pool\base.py:900: in __connect
    with util.safe_reraise():
         ^^^^^^^^^^^^^^^^^^^
..\..\venv\Lib\site-packages\sqlalchemy\util\langhelpers.py:146: in __exit__
    raise exc_value.with_traceback(exc_tb)
..\..\venv\Lib\site-packages\sqlalchemy\pool\base.py:896: in __connect
    self.dbapi_connection = connection = pool._invoke_creator(self)
                                         ^^^^^^^^^^^^^^^^^^^^^^^^^^
..\..\venv\Lib\site-packages\sqlalchemy\engine\create.py:643: in connect
    return dialect.connect(*cargs, **cparams)
           ^^^^^^^^^^^^^^^^^^^^^^^^^^^^^^^^^^
..\..\venv\Lib\site-packages\sqlalchemy\engine\default.py:621: in connect
    return self.loaded_dbapi.connect(*cargs, **cparams)
           ^^^^^^^^^^^^^^^^^^^^^^^^^^^^^^^^^^^^^^^^^^^^
..\..\venv\Lib\site-packages\sqlalchemy\dialects\postgresql\asyncpg.py:949: in connect
    await_only(creator_fn(*arg, **kw)),
    ^^^^^^^^^^^^^^^^^^^^^^^^^^^^^^^^^^
..\..\venv\Lib\site-packages\sqlalchemy\util\_concurrency_py3k.py:132: in await_only
    return current.parent.switch(awaitable)  # type: ignore[no-any-return,attr-defined] # noqa: E501
           ^^^^^^^^^^^^^^^^^^^^^^^^^^^^^^^^
..\..\venv\Lib\site-packages\sqlalchemy\util\_concurrency_py3k.py:196: in greenlet_spawn
    value = await result
            ^^^^^^^^^^^^
..\..\venv\Lib\site-packages\asyncpg\connection.py:2421: in connect
    return await connect_utils._connect(
..\..\venv\Lib\site-packages\asyncpg\connect_utils.py:1075: in _connect
    raise last_error or exceptions.TargetServerAttributeNotMatched(
..\..\venv\Lib\site-packages\asyncpg\connect_utils.py:1049: in _connect
    conn = await _connect_addr(
..\..\venv\Lib\site-packages\asyncpg\connect_utils.py:886: in _connect_addr
    return await __connect_addr(params, True, *args)
           ^^^^^^^^^^^^^^^^^^^^^^^^^^^^^^^^^^^^^^^^^
..\..\venv\Lib\site-packages\asyncpg\connect_utils.py:931: in __connect_addr
    tr, pr = await connector
             ^^^^^^^^^^^^^^^
..\..\venv\Lib\site-packages\asyncpg\connect_utils.py:802: in _create_ssl_connection
    tr, pr = await loop.create_connection(
C:\Users\zbook\AppData\Local\Programs\Python\Python312\Lib\asyncio\base_events.py:1132: in create_connection
    raise exceptions[0]
C:\Users\zbook\AppData\Local\Programs\Python\Python312\Lib\asyncio\base_events.py:1102: in create_connection
    sock = await self._connect_sock(
C:\Users\zbook\AppData\Local\Programs\Python\Python312\Lib\asyncio\base_events.py:1005: in _connect_sock
    await self.sock_connect(sock, address)
C:\Users\zbook\AppData\Local\Programs\Python\Python312\Lib\asyncio\proactor_events.py:729: in sock_connect
    return await self._proactor.connect(sock, address)
           ^^^^^^^^^^^^^^^^^^^^^^^^^^^^^^^^^^^^^^^^^^^
C:\Users\zbook\AppData\Local\Programs\Python\Python312\Lib\asyncio\windows_events.py:803: in _poll
    value = callback(transferred, key, ov)
            ^^^^^^^^^^^^^^^^^^^^^^^^^^^^^^
_ _ _ _ _ _ _ _ _ _ _ _ _ _ _ _ _ _ _ _ _ _ _ _ _ _ _ _ _ _ _ _ _ _ _ _ _ _ _ _

trans = 0, key = 0, ov = <_overlapped.Overlapped object at 0x000002DEEBBB0870>

    def finish_connect(trans, key, ov):
>       ov.getresult()
E       ConnectionRefusedError: [WinError 1225] The remote computer refused the network connection

C:\Users\zbook\AppData\Local\Programs\Python\Python312\Lib\asyncio\windows_events.py:599: ConnectionRefusedError
________________ ERROR at setup of test_backfill_is_idempotent ________________

self = <Coroutine test_backfill_is_idempotent>

    def setup(self) -> None:
        runner_fixture_id = f"_{self._loop_scope}_scoped_runner"
        if runner_fixture_id not in self.fixturenames:
            self.fixturenames.append(runner_fixture_id)
        # When loop factories are configured, resolve the loop factory
        # fixture early so that a factory variant change cascades cache
        # invalidation before any async fixture checks its cache.
        hook_caller = self.config.hook.pytest_asyncio_loop_factories
        if hook_caller.get_hookimpls():
            _ = self._request.getfixturevalue(_asyncio_loop_factory.__name__)
>       return super().setup()
               ^^^^^^^^^^^^^^^

..\..\venv\Lib\site-packages\pytest_asyncio\plugin.py:558: 
_ _ _ _ _ _ _ _ _ _ _ _ _ _ _ _ _ _ _ _ _ _ _ _ _ _ _ _ _ _ _ _ _ _ _ _ _ _ _ _
..\..\venv\Lib\site-packages\pytest_asyncio\plugin.py:407: in _asyncgen_fixture_wrapper
    result = runner.run(setup(), context=context)
             ^^^^^^^^^^^^^^^^^^^^^^^^^^^^^^^^^^^^
C:\Users\zbook\AppData\Local\Programs\Python\Python312\Lib\asyncio\runners.py:118: in run
    return self._loop.run_until_complete(task)
           ^^^^^^^^^^^^^^^^^^^^^^^^^^^^^^^^^^^
C:\Users\zbook\AppData\Local\Programs\Python\Python312\Lib\asyncio\base_events.py:686: in run_until_complete
    return future.result()
           ^^^^^^^^^^^^^^^
..\..\venv\Lib\site-packages\pytest_asyncio\plugin.py:403: in setup
    res = await gen_obj.__anext__()
          ^^^^^^^^^^^^^^^^^^^^^^^^^
tests\conftest.py:33: in setup_test_db
    async with engine.begin() as conn:
               ^^^^^^^^^^^^^^
C:\Users\zbook\AppData\Local\Programs\Python\Python312\Lib\contextlib.py:210: in __aenter__
    return await anext(self.gen)
           ^^^^^^^^^^^^^^^^^^^^^
..\..\venv\Lib\site-packages\sqlalchemy\ext\asyncio\engine.py:1063: in begin
    async with conn:
               ^^^^
..\..\venv\Lib\site-packages\sqlalchemy\ext\asyncio\base.py:121: in __aenter__
    return await self.start(is_ctxmanager=True)
           ^^^^^^^^^^^^^^^^^^^^^^^^^^^^^^^^^^^^
..\..\venv\Lib\site-packages\sqlalchemy\ext\asyncio\engine.py:273: in start
    await greenlet_spawn(self.sync_engine.connect)
..\..\venv\Lib\site-packages\sqlalchemy\util\_concurrency_py3k.py:201: in greenlet_spawn
    result = context.throw(*sys.exc_info())
             ^^^^^^^^^^^^^^^^^^^^^^^^^^^^^^
..\..\venv\Lib\site-packages\sqlalchemy\engine\base.py:3278: in connect
    return self._connection_cls(self)
           ^^^^^^^^^^^^^^^^^^^^^^^^^^
..\..\venv\Lib\site-packages\sqlalchemy\engine\base.py:146: in __init__
    self._dbapi_connection = engine.raw_connection()
                             ^^^^^^^^^^^^^^^^^^^^^^^
..\..\venv\Lib\site-packages\sqlalchemy\engine\base.py:3302: in raw_connection
    return self.pool.connect()
           ^^^^^^^^^^^^^^^^^^^
..\..\venv\Lib\site-packages\sqlalchemy\pool\base.py:449: in connect
    return _ConnectionFairy._checkout(self)
           ^^^^^^^^^^^^^^^^^^^^^^^^^^^^^^^^
..\..\venv\Lib\site-packages\sqlalchemy\pool\base.py:1263: in _checkout
    fairy = _ConnectionRecord.checkout(pool)
            ^^^^^^^^^^^^^^^^^^^^^^^^^^^^^^^^
..\..\venv\Lib\site-packages\sqlalchemy\pool\base.py:712: in checkout
    rec = pool._do_get()
          ^^^^^^^^^^^^^^
..\..\venv\Lib\site-packages\sqlalchemy\pool\impl.py:179: in _do_get
    with util.safe_reraise():
         ^^^^^^^^^^^^^^^^^^^
..\..\venv\Lib\site-packages\sqlalchemy\util\langhelpers.py:146: in __exit__
    raise exc_value.with_traceback(exc_tb)
..\..\venv\Lib\site-packages\sqlalchemy\pool\impl.py:177: in _do_get
    return self._create_connection()
           ^^^^^^^^^^^^^^^^^^^^^^^^^
..\..\venv\Lib\site-packages\sqlalchemy\pool\base.py:390: in _create_connection
    return _ConnectionRecord(self)
           ^^^^^^^^^^^^^^^^^^^^^^^
..\..\venv\Lib\site-packages\sqlalchemy\pool\base.py:674: in __init__
    self.__connect()
..\..\venv\Lib\site-packages\sqlalchemy\pool\base.py:900: in __connect
    with util.safe_reraise():
         ^^^^^^^^^^^^^^^^^^^
..\..\venv\Lib\site-packages\sqlalchemy\util\langhelpers.py:146: in __exit__
    raise exc_value.with_traceback(exc_tb)
..\..\venv\Lib\site-packages\sqlalchemy\pool\base.py:896: in __connect
    self.dbapi_connection = connection = pool._invoke_creator(self)
                                         ^^^^^^^^^^^^^^^^^^^^^^^^^^
..\..\venv\Lib\site-packages\sqlalchemy\engine\create.py:643: in connect
    return dialect.connect(*cargs, **cparams)
           ^^^^^^^^^^^^^^^^^^^^^^^^^^^^^^^^^^
..\..\venv\Lib\site-packages\sqlalchemy\engine\default.py:621: in connect
    return self.loaded_dbapi.connect(*cargs, **cparams)
           ^^^^^^^^^^^^^^^^^^^^^^^^^^^^^^^^^^^^^^^^^^^^
[...]
    await self.sock_connect(sock, address)
C:\Users\zbook\AppData\Local\Programs\Python\Python312\Lib\asyncio\proactor_events.py:729: in sock_connect
    return await self._proactor.connect(sock, address)
           ^^^^^^^^^^^^^^^^^^^^^^^^^^^^^^^^^^^^^^^^^^^
C:\Users\zbook\AppData\Local\Programs\Python\Python312\Lib\asyncio\windows_events.py:803: in _poll
    value = callback(transferred, key, ov)
            ^^^^^^^^^^^^^^^^^^^^^^^^^^^^^^
_ _ _ _ _ _ _ _ _ _ _ _ _ _ _ _ _ _ _ _ _ _ _ _ _ _ _ _ _ _ _ _ _ _ _ _ _ _ _ _

trans = 0, key = 0, ov = <_overlapped.Overlapped object at 0x000002DEEBBB0870>

    def finish_connect(trans, key, ov):
>       ov.getresult()
E       ConnectionRefusedError: [WinError 1225] The remote computer refused the network connection

C:\Users\zbook\AppData\Local\Programs\Python\Python312\Lib\asyncio\windows_events.py:599: ConnectionRefusedError
_____________ ERROR at setup of test_get_settings_creates_default _____________

self = <Coroutine test_get_settings_creates_default>

    def setup(self) -> None:
        runner_fixture_id = f"_{self._loop_scope}_scoped_runner"
        if runner_fixture_id not in self.fixturenames:
            self.fixturenames.append(runner_fixture_id)
        # When loop factories are configured, resolve the loop factory
        # fixture early so that a factory variant change cascades cache
        # invalidation before any async fixture checks its cache.
        hook_caller = self.config.hook.pytest_asyncio_loop_factories
        if hook_caller.get_hookimpls():
            _ = self._request.getfixturevalue(_asyncio_loop_factory.__name__)
>       return super().setup()
               ^^^^^^^^^^^^^^^

..\..\venv\Lib\site-packages\pytest_asyncio\plugin.py:558: 
_ _ _ _ _ _ _ _ _ _ _ _ _ _ _ _ _ _ _ _ _ _ _ _ _ _ _ _ _ _ _ _ _ _ _ _ _ _ _ _
..\..\venv\Lib\site-packages\pytest_asyncio\plugin.py:407: in _asyncgen_fixture_wrapper
    result = runner.run(setup(), context=context)
             ^^^^^^^^^^^^^^^^^^^^^^^^^^^^^^^^^^^^
C:\Users\zbook\AppData\Local\Programs\Python\Python312\Lib\asyncio\runners.py:118: in run
    return self._loop.run_until_complete(task)
           ^^^^^^^^^^^^^^^^^^^^^^^^^^^^^^^^^^^
C:\Users\zbook\AppData\Local\Programs\Python\Python312\Lib\asyncio\base_events.py:686: in run_until_complete
    return future.result()
           ^^^^^^^^^^^^^^^
..\..\venv\Lib\site-packages\pytest_asyncio\plugin.py:403: in setup
    res = await gen_obj.__anext__()
          ^^^^^^^^^^^^^^^^^^^^^^^^^
tests\conftest.py:33: in setup_test_db
    async with engine.begin() as conn:
               ^^^^^^^^^^^^^^
C:\Users\zbook\AppData\Local\Programs\Python\Python312\Lib\contextlib.py:210: in __aenter__
    return await anext(self.gen)
           ^^^^^^^^^^^^^^^^^^^^^
..\..\venv\Lib\site-packages\sqlalchemy\ext\asyncio\engine.py:1063: in begin
    async with conn:
               ^^^^
..\..\venv\Lib\site-packages\sqlalchemy\ext\asyncio\base.py:121: in __aenter__
    return await self.start(is_ctxmanager=True)
           ^^^^^^^^^^^^^^^^^^^^^^^^^^^^^^^^^^^^
..\..\venv\Lib\site-packages\sqlalchemy\ext\asyncio\engine.py:273: in start
    await greenlet_spawn(self.sync_engine.connect)
..\..\venv\Lib\site-packages\sqlalchemy\util\_concurrency_py3k.py:201: in greenlet_spawn
    result = context.throw(*sys.exc_info())
             ^^^^^^^^^^^^^^^^^^^^^^^^^^^^^^
..\..\venv\Lib\site-packages\sqlalchemy\engine\base.py:3278: in connect
    return self._connection_cls(self)
           ^^^^^^^^^^^^^^^^^^^^^^^^^^
..\..\venv\Lib\site-packages\sqlalchemy\engine\base.py:146: in __init__
    self._dbapi_connection = engine.raw_connection()
                             ^^^^^^^^^^^^^^^^^^^^^^^
..\..\venv\Lib\site-packages\sqlalchemy\engine\base.py:3302: in raw_connection
    return self.pool.connect()
           ^^^^^^^^^^^^^^^^^^^
..\..\venv\Lib\site-packages\sqlalchemy\pool\base.py:449: in connect
    return _ConnectionFairy._checkout(self)
           ^^^^^^^^^^^^^^^^^^^^^^^^^^^^^^^^
..\..\venv\Lib\site-packages\sqlalchemy\pool\base.py:1263: in _checkout
    fairy = _ConnectionRecord.checkout(pool)
            ^^^^^^^^^^^^^^^^^^^^^^^^^^^^^^^^
..\..\venv\Lib\site-packages\sqlalchemy\pool\base.py:712: in checkout
    rec = pool._do_get()
          ^^^^^^^^^^^^^^
..\..\venv\Lib\site-packages\sqlalchemy\pool\impl.py:179: in _do_get
    with util.safe_reraise():
         ^^^^^^^^^^^^^^^^^^^
..\..\venv\Lib\site-packages\sqlalchemy\util\langhelpers.py:146: in __exit__
    raise exc_value.with_traceback(exc_tb)
..\..\venv\Lib\site-packages\sqlalchemy\pool\impl.py:177: in _do_get
    return self._create_connection()
           ^^^^^^^^^^^^^^^^^^^^^^^^^
..\..\venv\Lib\site-packages\sqlalchemy\pool\base.py:390: in _create_connection
    return _ConnectionRecord(self)
           ^^^^^^^^^^^^^^^^^^^^^^^
..\..\venv\Lib\site-packages\sqlalchemy\pool\base.py:674: in __init__
    self.__connect()
..\..\venv\Lib\site-packages\sqlalchemy\pool\base.py:900: in __connect
    with util.safe_reraise():
         ^^^^^^^^^^^^^^^^^^^
..\..\venv\Lib\site-packages\sqlalchemy\util\langhelpers.py:146: in __exit__
    raise exc_value.with_traceback(exc_tb)
..\..\venv\Lib\site-packages\sqlalchemy\pool\base.py:896: in __connect
    self.dbapi_connection = connection = pool._invoke_creator(self)
                                         ^^^^^^^^^^^^^^^^^^^^^^^^^^
..\..\venv\Lib\site-packages\sqlalchemy\engine\create.py:643: in connect
    return dialect.connect(*cargs, **cparams)
           ^^^^^^^^^^^^^^^^^^^^^^^^^^^^^^^^^^
..\..\venv\Lib\site-packages\sqlalchemy\engine\default.py:621: in connect
    return self.loaded_dbapi.connect(*cargs, **cparams)
           ^^^^^^^^^^^^^^^^^^^^^^^^^^^^^^^^^^^^^^^^^^^^
..\..\venv\Lib\site-packages\sqlalchemy\dialects\postgresql\asyncpg.py:949: in connect
    await_only(creator_fn(*arg, **kw)),
    ^^^^^^^^^^^^^^^^^^^^^^^^^^^^^^^^^^
..\..\venv\Lib\site-packages\sqlalchemy\util\_concurrency_py3k.py:132: in await_only
    return current.parent.switch(awaitable)  # type: ignore[no-any-return,attr-defined] # noqa: E501
           ^^^^^^^^^^^^^^^^^^^^^^^^^^^^^^^^
..\..\venv\Lib\site-packages\sqlalchemy\util\_concurrency_py3k.py:196: in greenlet_spawn
    value = await result
            ^^^^^^^^^^^^
..\..\venv\Lib\site-packages\asyncpg\connection.py:2421: in connect
    return await connect_utils._connect(
..\..\venv\Lib\site-packages\asyncpg\connect_utils.py:1075: in _connect
    raise last_error or exceptions.TargetServerAttributeNotMatched(
..\..\venv\Lib\site-packages\asyncpg\connect_utils.py:1049: in _connect
    conn = await _connect_addr(
..\..\venv\Lib\site-packages\asyncpg\connect_utils.py:886: in _connect_addr
    return await __connect_addr(params, True, *args)
           ^^^^^^^^^^^^^^^^^^^^^^^^^^^^^^^^^^^^^^^^^
..\..\venv\Lib\site-packages\asyncpg\connect_utils.py:931: in __connect_addr
    tr, pr = await connector
             ^^^^^^^^^^^^^^^
..\..\venv\Lib\site-packages\asyncpg\connect_utils.py:802: in _create_ssl_connection
    tr, pr = await loop.create_connection(
C:\Users\zbook\AppData\Local\Programs\Python\Python312\Lib\asyncio\base_events.py:1132: in create_connection
    raise exceptions[0]
C:\Users\zbook\AppData\Local\Programs\Python\Python312\Lib\asyncio\base_events.py:1102: in create_connection
    sock = await self._connect_sock(
C:\Users\zbook\AppData\Local\Programs\Python\Python312\Lib\asyncio\base_events.py:1005: in _connect_sock
    await self.sock_connect(sock, address)
C:\Users\zbook\AppData\Local\Programs\Python\Python312\Lib\asyncio\proactor_events.py:729: in sock_connect
    return await self._proactor.connect(sock, address)
           ^^^^^^^^^^^^^^^^^^^^^^^^^^^^^^^^^^^^^^^^^^^
C:\Users\zbook\AppData\Local\Programs\Python\Python312\Lib\asyncio\windows_events.py:803: in _poll
    value = callback(transferred, key, ov)
            ^^^^^^^^^^^^^^^^^^^^^^^^^^^^^^
_ _ _ _ _ _ _ _ _ _ _ _ _ _ _ _ _ _ _ _ _ _ _ _ _ _ _ _ _ _ _ _ _ _ _ _ _ _ _ _

trans = 0, key = 0, ov = <_overlapped.Overlapped object at 0x000002DEEBBB0870>

    def finish_connect(trans, key, ov):
>       ov.getresult()
E       ConnectionRefusedError: [WinError 1225] The remote computer refused the network connection

C:\Users\zbook\AppData\Local\Programs\Python\Python312\Lib\asyncio\windows_events.py:599: ConnectionRefusedError
___________________ ERROR at setup of test_update_settings ____________________

self = <Coroutine test_update_settings>

    def setup(self) -> None:
        runner_fixture_id = f"_{self._loop_scope}_scoped_runner"
        if runner_fixture_id not in self.fixturenames:
            self.fixturenames.append(runner_fixture_id)
        # When loop factories are configured, resolve the loop factory
        # fixture early so that a factory variant change cascades cache
        # invalidation before any async fixture checks its cache.
        hook_caller = self.config.hook.pytest_asyncio_loop_factories
        if hook_caller.get_hookimpls():
            _ = self._request.getfixturevalue(_asyncio_loop_factory.__name__)
>       return super().setup()
               ^^^^^^^^^^^^^^^

..\..\venv\Lib\site-packages\pytest_asyncio\plugin.py:558: 
_ _ _ _ _ _ _ _ _ _ _ _ _ _ _ _ _ _ _ _ _ _ _ _ _ _ _ _ _ _ _ _ _ _ _ _ _ _ _ _
..\..\venv\Lib\site-packages\pytest_asyncio\plugin.py:407: in _asyncgen_fixture_wrapper
    result = runner.run(setup(), context=context)
             ^^^^^^^^^^^^^^^^^^^^^^^^^^^^^^^^^^^^
C:\Users\zbook\AppData\Local\Programs\Python\Python312\Lib\asyncio\runners.py:118: in run
    return self._loop.run_until_complete(task)
           ^^^^^^^^^^^^^^^^^^^^^^^^^^^^^^^^^^^
C:\Users\zbook\AppData\Local\Programs\Python\Python312\Lib\asyncio\base_events.py:686: in run_until_complete
    return future.result()
           ^^^^^^^^^^^^^^^
..\..\venv\Lib\site-packages\pytest_asyncio\plugin.py:403: in setup
    res = await gen_obj.__anext__()
          ^^^^^^^^^^^^^^^^^^^^^^^^^
tests\conftest.py:33: in setup_test_db
    async with engine.begin() as conn:
               ^^^^^^^^^^^^^^
C:\Users\zbook\AppData\Local\Programs\Python\Python312\Lib\contextlib.py:210: in __aenter__
    return await anext(self.gen)
           ^^^^^^^^^^^^^^^^^^^^^
..\..\venv\Lib\site-packages\sqlalchemy\ext\asyncio\engine.py:1063: in begin
    async with conn:
               ^^^^
..\..\venv\Lib\site-packages\sqlalchemy\ext\asyncio\base.py:121: in __aenter__
    return await self.start(is_ctxmanager=True)
           ^^^^^^^^^^^^^^^^^^^^^^^^^^^^^^^^^^^^
..\..\venv\Lib\site-packages\sqlalchemy\ext\asyncio\engine.py:273: in start
    await greenlet_spawn(self.sync_engine.connect)
..\..\venv\Lib\site-packages\sqlalchemy\util\_concurrency_py3k.py:201: in greenlet_spawn
    result = context.throw(*sys.exc_info())
             ^^^^^^^^^^^^^^^^^^^^^^^^^^^^^^
..\..\venv\Lib\site-packages\sqlalchemy\engine\base.py:3278: in connect
    return self._connection_cls(self)
           ^^^^^^^^^^^^^^^^^^^^^^^^^^
..\..\venv\Lib\site-packages\sqlalchemy\engine\base.py:146: in __init__
    self._dbapi_connection = engine.raw_connection()
                             ^^^^^^^^^^^^^^^^^^^^^^^
..\..\venv\Lib\site-packages\sqlalchemy\engine\base.py:3302: in raw_connection
    return self.pool.connect()
           ^^^^^^^^^^^^^^^^^^^
..\..\venv\Lib\site-packages\sqlalchemy\pool\base.py:449: in connect
    return _ConnectionFairy._checkout(self)
           ^^^^^^^^^^^^^^^^^^^^^^^^^^^^^^^^
..\..\venv\Lib\site-packages\sqlalchemy\pool\base.py:1263: in _checkout
    fairy = _ConnectionRecord.checkout(pool)
            ^^^^^^^^^^^^^^^^^^^^^^^^^^^^^^^^
..\..\venv\Lib\site-packages\sqlalchemy\pool\base.py:712: in checkout
    rec = pool._do_get()
          ^^^^^^^^^^^^^^
..\..\venv\Lib\site-packages\sqlalchemy\pool\impl.py:179: in _do_get
    with util.safe_reraise():
         ^^^^^^^^^^^^^^^^^^^
..\..\venv\Lib\site-packages\sqlalchemy\util\langhelpers.py:146: in __exit__
    raise exc_value.with_traceback(exc_tb)
..\..\venv\Lib\site-packages\sqlalchemy\pool\impl.py:177: in _do_get
    return self._create_connection()
           ^^^^^^^^^^^^^^^^^^^^^^^^^
..\..\venv\Lib\site-packages\sqlalchemy\pool\base.py:390: in _create_connection
    return _ConnectionRecord(self)
           ^^^^^^^^^^^^^^^^^^^^^^^
..\..\venv\Lib\site-packages\sqlalchemy\pool\base.py:674: in __init__
    self.__connect()
..\..\venv\Lib\site-packages\sqlalchemy\pool\base.py:900: in __connect
    with util.safe_reraise():
         ^^^^^^^^^^^^^^^^^^^
..\..\venv\Lib\site-packages\sqlalchemy\util\langhelpers.py:146: in __exit__
    raise exc_value.with_traceback(exc_tb)
..\..\venv\Lib\site-packages\sqlalchemy\pool\base.py:896: in __connect
    self.dbapi_connection = connection = pool._invoke_creator(self)
                                         ^^^^^^^^^^^^^^^^^^^^^^^^^^
..\..\venv\Lib\site-packages\sqlalchemy\engine\create.py:643: in connect
    return dialect.connect(*cargs, **cparams)
           ^^^^^^^^^^^^^^^^^^^^^^^^^^^^^^^^^^
..\..\venv\Lib\site-packages\sqlalchemy\engine\default.py:621: in connect
    return self.loaded_dbapi.connect(*cargs, **cparams)
           ^^^^^^^^^^^^^^^^^^^^^^^^^^^^^^^^^^^^^^^^^^^^
..\..\venv\Lib\site-packages\sqlalchemy\dialects\postgresql\asyncpg.py:949: in connect
    await_only(creator_fn(*arg, **kw)),
    ^^^^^^^^^^^^^^^^^^^^^^^^^^^^^^^^^^
..\..\venv\Lib\site-packages\sqlalchemy\util\_concurrency_py3k.py:132: in await_only
    return current.parent.switch(awaitable)  # type: ignore[no-any-return,attr-defined] # noqa: E501
           ^^^^^^^^^^^^^^^^^^^^^^^^^^^^^^^^
..\..\venv\Lib\site-packages\sqlalchemy\util\_concurrency_py3k.py:196: in greenlet_spawn
    value = await result
            ^^^^^^^^^^^^
..\..\venv\Lib\site-packages\asyncpg\connection.py:2421: in connect
    return await connect_utils._connect(
..\..\venv\Lib\site-packages\asyncpg\connect_utils.py:1075: in _connect
    raise last_error or exceptions.TargetServerAttributeNotMatched(
..\..\venv\Lib\site-packages\asyncpg\connect_utils.py:1049: in _connect
    conn = await _connect_addr(
..\..\venv\Lib\site-packages\asyncpg\connect_utils.py:886: in _connect_addr
    return await __connect_addr(params, True, *args)
           ^^^^^^^^^^^^^^^^^^^^^^^^^^^^^^^^^^^^^^^^^
..\..\venv\Lib\site-packages\asyncpg\connect_utils.py:931: in __connect_addr
    tr, pr = await connector
             ^^^^^^^^^^^^^^^
..\..\venv\Lib\site-packages\asyncpg\connect_utils.py:802: in _create_ssl_connection
    tr, pr = await loop.create_connection(
C:\Users\zbook\AppData\Local\Programs\Python\Python312\Lib\asyncio\base_events.py:1132: in create_connection
    raise exceptions[0]
C:\Users\zbook\AppData\Local\Programs\Python\Python312\Lib\asyncio\base_events.py:1102: in create_connection
    sock = await self._connect_sock(
C:\Users\zbook\AppData\Local\Programs\Python\Python312\Lib\asyncio\base_events.py:1005: in _connect_sock
    await self.sock_connect(sock, address)
C:\Users\zbook\AppData\Local\Programs\Python\Python312\Lib\asyncio\proactor_events.py:729: in sock_connect
    return await self._proactor.connect(sock, address)
           ^^^^^^^^^^^^^^^^^^^^^^^^^^^^^^^^^^^^^^^^^^^
C:\Users\zbook\AppData\Local\Programs\Python\Python312\Lib\asyncio\windows_events.py:803: in _poll
    value = callback(transferred, key, ov)
            ^^^^^^^^^^^^^^^^^^^^^^^^^^^^^^
_ _ _ _ _ _ _ _ _ _ _ _ _ _ _ _ _ _ _ _ _ _ _ _ _ _ _ _ _ _ _ _ _ _ _ _ _ _ _ _

trans = 0, key = 0, ov = <_overlapped.Overlapped object at 0x000002DEEBBB0870>

    def finish_connect(trans, key, ov):
>       ov.getresult()
E       ConnectionRefusedError: [WinError 1225] The remote computer refused the network connection

C:\Users\zbook\AppData\Local\Programs\Python\Python312\Lib\asyncio\windows_events.py:599: ConnectionRefusedError
============================== warnings summary ===============================
..\..\venv\Lib\site-packages\fastapi\testclient.py:1
  d:\Graduation Project\venv\Lib\site-packages\fastapi\testclient.py:1: StarletteDeprecationWarning: Using `httpx` with `starlette.testclient` is deprecated; install `httpx2` instead.
    from starlette.testclient import TestClient as TestClient  # noqa

app\core\config.py:3
  d:\Graduation Project\AI-COS-Pharmacy\backend\app\core\config.py:3: PydanticDeprecatedSince20: Support for class-based `config` is deprecated, use ConfigDict instead. Deprecated in Pydantic V2.0 to be removed in V3.0. See Pydantic V2 Migration Guide at https://errors.pydantic.dev/2.13/migration/
    class Settings(BaseSettings):

-- Docs: https://docs.pytest.org/en/stable/how-to/capture-warnings.html
=========================== short test summary info ===========================
ERROR tests/test_auth.py::test_signup_success - ConnectionRefusedError: [WinE...
ERROR tests/test_auth.py::test_signup_duplicate_email - ConnectionRefusedErro...
ERROR tests/test_auth.py::test_login_success - ConnectionRefusedError: [WinEr...
ERROR tests/test_auth.py::test_login_invalid_credentials - ConnectionRefusedE...
ERROR tests/test_auth.py::test_get_me_unauthorized - ConnectionRefusedError: ...
ERROR tests/test_auth.py::test_get_me_authorized - ConnectionRefusedError: [W...
ERROR tests/test_customer.py::test_create_customer - ConnectionRefusedError: ...
ERROR tests/test_customer.py::test_list_customers - ConnectionRefusedError: [...
ERROR tests/test_customer.py::test_get_customer - ConnectionRefusedError: [Wi...
ERROR tests/test_events_chain.py::test_backfill_signs_null_rows - ConnectionR...
ERROR tests/test_events_chain.py::test_backfill_is_idempotent - ConnectionRef...
ERROR tests/test_events_chain.py::test_force_recompute_keeps_chain_consistent
ERROR tests/test_security_regression.py::test_admin_endpoints_reject_anonymous[GET-/api/v1/customers/]
ERROR tests/test_security_regression.py::test_admin_endpoints_reject_anonymous[GET-/api/v1/orders/all]
ERROR tests/test_security_regression.py::test_admin_endpoints_reject_anonymous[GET-/api/v1/analytics/summary]
ERROR tests/test_security_regression.py::test_admin_endpoints_reject_anonymous[GET-/api/v1/governance/thresholds]
ERROR tests/test_security_regression.py::test_admin_endpoints_reject_anonymous[GET-/api/v1/governance/pending]
ERROR tests/test_security_regression.py::test_admin_endpoints_reject_anonymous[POST-/api/v1/predictions/churn]
ERROR tests/test_security_regression.py::test_admin_endpoints_reject_anonymous[POST-/api/v1/agents/pricing/calculate-discount]
ERROR tests/test_security_regression.py::test_admin_endpoints_reject_anonymous[POST-/api/v1/agents/marketing/generate-campaign]
ERROR tests/test_security_regression.py::test_admin_endpoints_reject_anonymous[POST-/api/v1/agents/executive/chat]
ERROR tests/test_security_regression.py::test_admin_endpoints_reject_anonymous[POST-/api/v1/drugs/]
ERROR tests/test_security_regression.py::test_admin_endpoints_reject_anonymous[GET-/api/v1/notifications/]
ERROR tests/test_security_regression.py::test_admin_endpoints_reject_anonymous[GET-/api/v1/settings/]
ERROR tests/test_security_regression.py::test_admin_endpoints_reject_anonymous[POST-/api/v1/auth/invite-customer]
ERROR tests/test_security_regression.py::test_customer_role_cannot_read_admin_surfaces
ERROR tests/test_security_regression.py::test_customer_cannot_mutate_catalog
ERROR tests/test_security_regression.py::test_customer_cannot_read_other_customer
ERROR tests/test_security_regression.py::test_customer_can_read_self - Connec...
ERROR tests/test_security_regression.py::test_internal_endpoints_require_token
ERROR tests/test_security_regression.py::test_agents_accept_internal_token_but_not_anonymous
ERROR tests/test_security_regression.py::test_recalculate_does_not_freeze_server
ERROR tests/test_security_regression.py::test_cors_rejects_foreign_origin - C...
ERROR tests/test_settings.py::test_get_settings_creates_default - ConnectionR...
ERROR tests/test_settings.py::test_update_settings - ConnectionRefusedError: ...
======================= 2 warnings, 35 errors in 18.18s =======================
